This is pdfTeX, Version 3.14159265-2.6-1.40.20 (MiKTeX 2.9.7250 64-bit) (preloaded format=pdflatex 2020.1.21)  31 DEC 2020 00:45
entering extended mode
**./CryptoMarket2018Rev1.tex
(CryptoMarket2018Rev1.tex
LaTeX2e <2019-10-01> patch level 3
(bmcart.cls
Document Class: bmcart 2014/01/24BioMed Central class (VS)
("C:\Users\LuisLo\AppData\Local\Programs\MiKTeX 2.9\tex/latex/base\article.cls"
Document Class: article 2019/10/25 v1.4k Standard LaTeX document class
("C:\Users\LuisLo\AppData\Local\Programs\MiKTeX 2.9\tex/latex/base\size10.clo"
File: size10.clo 2019/10/25 v1.4k Standard LaTeX file (size option)
)
\c@part=\count80
\c@section=\count81
\c@subsection=\count82
\c@subsubsection=\count83
\c@paragraph=\count84
\c@subparagraph=\count85
\c@figure=\count86
\c@table=\count87
\abovecaptionskip=\skip41
\belowcaptionskip=\skip42
\bibindent=\dimen102
)
\mathindent=\dimen103

("C:\Users\LuisLo\AppData\Local\Programs\MiKTeX 2.9\tex/latex/graphics\keyval.s
ty"
Package: keyval 2014/10/28 v1.15 key=value parser (DPC)
\KV@toks@=\toks14
)
("C:\Users\LuisLo\AppData\Local\Programs\MiKTeX 2.9\tex/latex/xcolor\xcolor.sty
"
Package: xcolor 2016/05/11 v2.12 LaTeX color extensions (UK)

("C:\Users\LuisLo\AppData\Local\Programs\MiKTeX 2.9\tex/latex/graphics-cfg\colo
r.cfg"
File: color.cfg 2016/01/02 v1.6 sample color configuration
)
Package xcolor Info: Driver file: pdftex.def on input line 225.

("C:\Users\LuisLo\AppData\Local\Programs\MiKTeX 2.9\tex/latex/graphics-def\pdft
ex.def"
File: pdftex.def 2018/01/08 v1.0l Graphics/color driver for pdftex
)
Package xcolor Info: Model `cmy' substituted by `cmy0' on input line 1348.
Package xcolor Info: Model `hsb' substituted by `rgb' on input line 1352.
Package xcolor Info: Model `RGB' extended on input line 1364.
Package xcolor Info: Model `HTML' substituted by `rgb' on input line 1366.
Package xcolor Info: Model `Hsb' substituted by `hsb' on input line 1367.
Package xcolor Info: Model `tHsb' substituted by `hsb' on input line 1368.
Package xcolor Info: Model `HSB' substituted by `hsb' on input line 1369.
Package xcolor Info: Model `Gray' substituted by `gray' on input line 1370.
Package xcolor Info: Model `wave' substituted by `hsb' on input line 1371.
)
("C:\Users\LuisLo\AppData\Local\Programs\MiKTeX 2.9\tex/latex/lastpage\lastpage
.sty"
Package: lastpage 2015/03/29 v1.2m Refers to last page's name (HMM; JPG)
)
\c@thanks=\count88
\bmcfloat@box=\box27
\c@author=\count89
\c@address=\count90
\sv@mathsurround=\dimen104
\fm@box=\box28
\c@addressref=\count91
\thanks@box=\box29
\abstract@box=\box30
\authors@list=\toks15
\keywords@list=\toks16
)
("C:\Users\LuisLo\AppData\Local\Programs\MiKTeX 2.9\tex/latex/amscls\amsthm.sty
"
Package: amsthm 2017/10/31 v2.20.4
\thm@style=\toks17
\thm@bodyfont=\toks18
\thm@headfont=\toks19
\thm@notefont=\toks20
\thm@headpunct=\toks21
\thm@preskip=\skip43
\thm@postskip=\skip44
\thm@headsep=\skip45
\dth@everypar=\toks22
)
("C:\Users\LuisLo\AppData\Local\Programs\MiKTeX 2.9\tex/latex/amsmath\amsmath.s
ty"
Package: amsmath 2019/11/16 v2.17d AMS math features
\@mathmargin=\skip46

For additional information on amsmath, use the `?' option.

("C:\Users\LuisLo\AppData\Local\Programs\MiKTeX 2.9\tex/latex/amsmath\amstext.s
ty"
Package: amstext 2000/06/29 v2.01 AMS text

("C:\Users\LuisLo\AppData\Local\Programs\MiKTeX 2.9\tex/latex/amsmath\amsgen.st
y"
File: amsgen.sty 1999/11/30 v2.0 generic functions
\@emptytoks=\toks23
\ex@=\dimen105
))
("C:\Users\LuisLo\AppData\Local\Programs\MiKTeX 2.9\tex/latex/amsmath\amsbsy.st
y"
Package: amsbsy 1999/11/29 v1.2d Bold Symbols
\pmbraise@=\dimen106
)
("C:\Users\LuisLo\AppData\Local\Programs\MiKTeX 2.9\tex/latex/amsmath\amsopn.st
y"
Package: amsopn 2016/03/08 v2.02 operator names
)
\inf@bad=\count92
LaTeX Info: Redefining \frac on input line 227.
\uproot@=\count93
\leftroot@=\count94
LaTeX Info: Redefining \overline on input line 389.
\classnum@=\count95
\DOTSCASE@=\count96
LaTeX Info: Redefining \ldots on input line 486.
LaTeX Info: Redefining \dots on input line 489.
LaTeX Info: Redefining \cdots on input line 610.
\Mathstrutbox@=\box31
\strutbox@=\box32
\big@size=\dimen107
LaTeX Font Info:    Redeclaring font encoding OML on input line 733.
LaTeX Font Info:    Redeclaring font encoding OMS on input line 734.
\macc@depth=\count97
\c@MaxMatrixCols=\count98
\dotsspace@=\muskip10
\c@parentequation=\count99
\dspbrk@lvl=\count100
\tag@help=\toks24
\row@=\count101
\column@=\count102
\maxfields@=\count103
\andhelp@=\toks25
\eqnshift@=\dimen108
\alignsep@=\dimen109
\tagshift@=\dimen110
\tagwidth@=\dimen111
\totwidth@=\dimen112
\lineht@=\dimen113
\@envbody=\toks26
\multlinegap=\skip47
\multlinetaggap=\skip48
\mathdisplay@stack=\toks27
LaTeX Info: Redefining \[ on input line 2858.
LaTeX Info: Redefining \] on input line 2859.
)
("C:\Users\LuisLo\AppData\Local\Programs\MiKTeX 2.9\tex/latex/natbib\natbib.sty
"
Package: natbib 2010/09/13 8.31b (PWD, AO)
\bibhang=\skip49
\bibsep=\skip50
LaTeX Info: Redefining \cite on input line 694.
\c@NAT@ctr=\count104
)
("C:\Users\LuisLo\AppData\Local\Programs\MiKTeX 2.9\tex/latex/hyperref\hyperref
.sty"
Package: hyperref 2019/11/10 v7.00c Hypertext links for LaTeX

("C:\Users\LuisLo\AppData\Local\Programs\MiKTeX 2.9\tex/generic/ltxcmds\ltxcmds
.sty"
Package: ltxcmds 2019/12/15 v1.24 LaTeX kernel commands for general use (HO)
)
("C:\Users\LuisLo\AppData\Local\Programs\MiKTeX 2.9\tex/generic/iftex\iftex.sty
"
Package: iftex 2019/11/07 v1.0c TeX engine tests
)
("C:\Users\LuisLo\AppData\Local\Programs\MiKTeX 2.9\tex/latex/pdftexcmds\pdftex
cmds.sty"
Package: pdftexcmds 2019/11/24 v0.31 Utility functions of pdfTeX for LuaTeX (HO
)

("C:\Users\LuisLo\AppData\Local\Programs\MiKTeX 2.9\tex/generic/infwarerr\infwa
rerr.sty"
Package: infwarerr 2019/12/03 v1.5 Providing info/warning/error messages (HO)
)
Package pdftexcmds Info: \pdf@primitive is available.
Package pdftexcmds Info: \pdf@ifprimitive is available.
Package pdftexcmds Info: \pdfdraftmode found.
)
("C:\Users\LuisLo\AppData\Local\Programs\MiKTeX 2.9\tex/generic/kvsetkeys\kvset
keys.sty"
Package: kvsetkeys 2019/12/15 v1.18 Key value parser (HO)
)
("C:\Users\LuisLo\AppData\Local\Programs\MiKTeX 2.9\tex/generic/kvdefinekeys\kv
definekeys.sty"
Package: kvdefinekeys 2019-12-19 v1.6 Define keys (HO)
)
("C:\Users\LuisLo\AppData\Local\Programs\MiKTeX 2.9\tex/generic/pdfescape\pdfes
cape.sty"
Package: pdfescape 2019/12/09 v1.15 Implements pdfTeX's escape features (HO)
)
("C:\Users\LuisLo\AppData\Local\Programs\MiKTeX 2.9\tex/latex/hycolor\hycolor.s
ty"
Package: hycolor 2019/12/15 v1.9 Color options for hyperref/bookmark (HO)

("C:\Users\LuisLo\AppData\Local\Programs\MiKTeX 2.9\tex/latex/hycolor\xcolor-pa
tch.sty"
Package: xcolor-patch 2019/12/15 xcolor patch

("C:\Users\LuisLo\AppData\Local\Programs\MiKTeX 2.9\tex/latex/oberdiek\hopatch.
sty"
Package: hopatch 2016/05/16 v1.3 Wrapper for package hooks (HO)
)))
("C:\Users\LuisLo\AppData\Local\Programs\MiKTeX 2.9\tex/latex/letltxmacro\letlt
xmacro.sty"
Package: letltxmacro 2019/12/03 v1.6 Let assignment for LaTeX macros (HO)
)
("C:\Users\LuisLo\AppData\Local\Programs\MiKTeX 2.9\tex/latex/auxhook\auxhook.s
ty"
Package: auxhook 2019-12-17 v1.6 Hooks for auxiliary files (HO)
)
("C:\Users\LuisLo\AppData\Local\Programs\MiKTeX 2.9\tex/latex/kvoptions\kvoptio
ns.sty"
Package: kvoptions 2019/11/29 v3.13 Key value format for package options (HO)
)
\@linkdim=\dimen114
\Hy@linkcounter=\count105
\Hy@pagecounter=\count106

("C:\Users\LuisLo\AppData\Local\Programs\MiKTeX 2.9\tex/latex/hyperref\pd1enc.d
ef"
File: pd1enc.def 2019/11/10 v7.00c Hyperref: PDFDocEncoding definition (HO)
Now handling font encoding PD1 ...
... no UTF-8 mapping file for font encoding PD1
)
("C:\Users\LuisLo\AppData\Local\Programs\MiKTeX 2.9\tex/generic/intcalc\intcalc
.sty"
Package: intcalc 2019/12/15 v1.3 Expandable calculations with integers (HO)
)
("C:\Users\LuisLo\AppData\Local\Programs\MiKTeX 2.9\tex/generic/etexcmds\etexcm
ds.sty"
Package: etexcmds 2019/12/15 v1.7 Avoid name clashes with e-TeX commands (HO)
)
\Hy@SavedSpaceFactor=\count107

("C:\Users\LuisLo\AppData\Local\Programs\MiKTeX 2.9\tex/latex/00miktex\hyperref
.cfg"
File: hyperref.cfg 2002/06/06 v1.2 hyperref configuration of TeXLive
)
Package hyperref Info: Option `colorlinks' set `true' on input line 4409.


Package hyperref Warning: Option `pagecolor' is not available anymore.

Package hyperref Info: Hyper figures OFF on input line 4535.
Package hyperref Info: Link nesting OFF on input line 4540.
Package hyperref Info: Hyper index ON on input line 4543.
Package hyperref Info: Plain pages OFF on input line 4550.
Package hyperref Info: Backreferencing OFF on input line 4555.
Package hyperref Info: Implicit mode ON; LaTeX internals redefined.
Package hyperref Info: Bookmarks ON on input line 4788.
\c@Hy@tempcnt=\count108
("C:\Users\LuisLo\AppData\Local\Programs\MiKTeX 2.9\tex/latex/url\url.sty"
\Urlmuskip=\muskip11
Package: url 2013/09/16  ver 3.4  Verb mode for urls, etc.
)
LaTeX Info: Redefining \url on input line 5147.
\XeTeXLinkMargin=\dimen115

("C:\Users\LuisLo\AppData\Local\Programs\MiKTeX 2.9\tex/generic/bitset\bitset.s
ty"
Package: bitset 2019/12/09 v1.3 Handle bit-vector datatype (HO)

("C:\Users\LuisLo\AppData\Local\Programs\MiKTeX 2.9\tex/generic/bigintcalc\bigi
ntcalc.sty"
Package: bigintcalc 2019/12/15 v1.5 Expandable calculations on big integers (HO
)
))
\Fld@menulength=\count109
\Field@Width=\dimen116
\Fld@charsize=\dimen117
Package hyperref Info: Hyper figures OFF on input line 6418.
Package hyperref Info: Link nesting OFF on input line 6423.
Package hyperref Info: Hyper index ON on input line 6426.
Package hyperref Info: backreferencing OFF on input line 6433.
Package hyperref Info: Link coloring ON on input line 6436.
Package hyperref Info: Link coloring with OCG OFF on input line 6443.
Package hyperref Info: PDF/A mode OFF on input line 6448.
LaTeX Info: Redefining \ref on input line 6488.
LaTeX Info: Redefining \pageref on input line 6492.

("C:\Users\LuisLo\AppData\Local\Programs\MiKTeX 2.9\tex/generic/atbegshi\atbegs
hi.sty"
Package: atbegshi 2019/12/05 v1.19 At begin shipout hook (HO)
)
\Hy@abspage=\count110
\c@Item=\count111
\c@Hfootnote=\count112
)
Package hyperref Info: Driver (autodetected): hpdftex.

("C:\Users\LuisLo\AppData\Local\Programs\MiKTeX 2.9\tex/latex/hyperref\hpdftex.
def"
File: hpdftex.def 2019/11/10 v7.00c Hyperref driver for pdfTeX

("C:\Users\LuisLo\AppData\Local\Programs\MiKTeX 2.9\tex/latex/atveryend\atverye
nd.sty"
Package: atveryend 2019-12-11 v1.11 Hooks at the very end of document (HO)
Package atveryend Info: \enddocument detected (standard20110627).
)
\Fld@listcount=\count113
\c@bookmark@seq@number=\count114

("C:\Users\LuisLo\AppData\Local\Programs\MiKTeX 2.9\tex/latex/rerunfilecheck\re
runfilecheck.sty"
Package: rerunfilecheck 2019/12/05 v1.9 Rerun checks for auxiliary files (HO)

("C:\Users\LuisLo\AppData\Local\Programs\MiKTeX 2.9\tex/generic/uniquecounter\u
niquecounter.sty"
Package: uniquecounter 2019/12/15 v1.4 Provide unlimited unique counter (HO)
)
Package uniquecounter Info: New unique counter `rerunfilecheck' on input line 2
86.
)
\Hy@SectionHShift=\skip51
)
("C:\Users\LuisLo\AppData\Local\Programs\MiKTeX 2.9\tex/latex/base\inputenc.sty
"
Package: inputenc 2018/08/11 v1.3c Input encoding file
\inpenc@prehook=\toks28
\inpenc@posthook=\toks29
)
("C:\Users\LuisLo\AppData\Local\Programs\MiKTeX 2.9\tex/latex/subfigure\subfigu
re.sty"
Package: subfigure 2002/07/30 v2.1.4 subfigure package
\subfigtopskip=\skip52
\subfigcapskip=\skip53
\subfigcaptopadj=\dimen118
\subfigbottomskip=\skip54
\subfigcapmargin=\dimen119
\subfiglabelskip=\skip55
\c@subfigure=\count115
\c@lofdepth=\count116
\c@subtable=\count117
\c@lotdepth=\count118

****************************************
* Local config file subfigure.cfg used *
****************************************

("C:\Users\LuisLo\AppData\Local\Programs\MiKTeX 2.9\tex/latex/subfigure\subfigu
re.cfg")
\subfig@top=\skip56
\subfig@bottom=\skip57
)
("C:\Users\LuisLo\AppData\Local\Programs\MiKTeX 2.9\tex/latex/multirow\multirow
.sty"
Package: multirow 2019/05/31 v2.5 Span multiple rows of a table
\multirow@colwidth=\skip58
\multirow@cntb=\count119
\multirow@dima=\skip59
\bigstrutjot=\dimen120
)
("C:\Users\LuisLo\AppData\Local\Programs\MiKTeX 2.9\tex/latex/tools\hhline.sty"
Package: hhline 2014/10/28 v2.03 Table rule package (DPC)
)
("C:\Users\LuisLo\AppData\Local\Programs\MiKTeX 2.9\tex/latex/changes\changes.s
ty"
Package: changes 2020/06/16 v3.2.2 changes package

*** changes package 2020/06/16 v3.2.2 ***

("C:\Users\LuisLo\AppData\Local\Programs\MiKTeX 2.9\tex/latex/xkeyval\xkeyval.s
ty"
Package: xkeyval 2014/12/03 v2.7a package option processing (HA)

("C:\Users\LuisLo\AppData\Local\Programs\MiKTeX 2.9\tex/generic/xkeyval\xkeyval
.tex"
("C:\Users\LuisLo\AppData\Local\Programs\MiKTeX 2.9\tex/generic/xkeyval\xkvutil
s.tex"
\XKV@toks=\toks30
\XKV@tempa@toks=\toks31
)
\XKV@depth=\count120
File: xkeyval.tex 2014/12/03 v2.7a key=value parser (HA)
))
("C:\Users\LuisLo\AppData\Local\Programs\MiKTeX 2.9\tex/latex/xifthen\xifthen.s
ty"
Package: xifthen 2015/11/05 v1.4.0 Extended ifthen features
 ("C:\Users\LuisLo\AppData\Local\Programs\MiKTeX 2.9\tex/latex/tools\calc.sty"
Package: calc 2017/05/25 v4.3 Infix arithmetic (KKT,FJ)
\calc@Acount=\count121
\calc@Bcount=\count122
\calc@Adimen=\dimen121
\calc@Bdimen=\dimen122
\calc@Askip=\skip60
\calc@Bskip=\skip61
LaTeX Info: Redefining \setlength on input line 80.
LaTeX Info: Redefining \addtolength on input line 81.
\calc@Ccount=\count123
\calc@Cskip=\skip62
)
("C:\Users\LuisLo\AppData\Local\Programs\MiKTeX 2.9\tex/latex/base\ifthen.sty"
Package: ifthen 2014/09/29 v1.1c Standard LaTeX ifthen package (DPC)
)
("C:\Users\LuisLo\AppData\Local\Programs\MiKTeX 2.9\tex/latex/ifmtarg\ifmtarg.s
ty"
Package: ifmtarg 2018/04/16 v1.2b check for an empty argument
))
("C:\Users\LuisLo\AppData\Local\Programs\MiKTeX 2.9\tex/latex/xstring\xstring.s
ty"
("C:\Users\LuisLo\AppData\Local\Programs\MiKTeX 2.9\tex/generic/xstring\xstring
.tex"
\integerpart=\count124
\decimalpart=\count125
)
Package: xstring 2019/02/06 v1.83 String manipulations (CT)
)
ulem-option 'normalem,normalbf', passed to package ulem
truncate-option 'breakall,fit', passed to package truncate
changes-option 'final'
("C:\Users\LuisLo\AppData\Local\Programs\MiKTeX 2.9\tex/latex/ulem\ulem.sty"
\UL@box=\box33
\UL@hyphenbox=\box34
\UL@skip=\skip63
\UL@hook=\toks32
\UL@height=\dimen123
\UL@pe=\count126
\UL@pixel=\dimen124
\ULC@box=\box35
Package: ulem 2019/11/18
\ULdepth=\dimen125
)
("C:\Users\LuisLo\AppData\Local\Programs\MiKTeX 2.9\tex/latex/todonotes\todonot
es.sty"
Package: todonotes 2020/08/18 v1.1.3 Todonotes source and documentation.
Package: todonotes 2018/11/22

("C:\Users\LuisLo\AppData\Local\Programs\MiKTeX 2.9\tex/latex/pgf/frontendlayer
\tikz.sty"
("C:\Users\LuisLo\AppData\Local\Programs\MiKTeX 2.9\tex/latex/pgf/basiclayer\pg
f.sty"
("C:\Users\LuisLo\AppData\Local\Programs\MiKTeX 2.9\tex/latex/pgf/utilities\pgf
rcs.sty"
("C:\Users\LuisLo\AppData\Local\Programs\MiKTeX 2.9\tex/generic/pgf/utilities\p
gfutil-common.tex"
\pgfutil@everybye=\toks33
\pgfutil@tempdima=\dimen126
\pgfutil@tempdimb=\dimen127

("C:\Users\LuisLo\AppData\Local\Programs\MiKTeX 2.9\tex/generic/pgf/utilities\p
gfutil-common-lists.tex"))
("C:\Users\LuisLo\AppData\Local\Programs\MiKTeX 2.9\tex/generic/pgf/utilities\p
gfutil-latex.def"
\pgfutil@abb=\box36

("C:\Users\LuisLo\AppData\Local\Programs\MiKTeX 2.9\tex/latex/ms\everyshi.sty"
Package: everyshi 2001/05/15 v3.00 EveryShipout Package (MS)
))
("C:\Users\LuisLo\AppData\Local\Programs\MiKTeX 2.9\tex/generic/pgf/utilities\p
gfrcs.code.tex"
("C:\Users\LuisLo\AppData\Local\Programs\MiKTeX 2.9\tex/generic/pgf\pgf.revisio
n.tex")
Package: pgfrcs 2020/01/08 v3.1.5b (3.1.5b)
))
Package: pgf 2020/01/08 v3.1.5b (3.1.5b)

("C:\Users\LuisLo\AppData\Local\Programs\MiKTeX 2.9\tex/latex/pgf/basiclayer\pg
fcore.sty"
("C:\Users\LuisLo\AppData\Local\Programs\MiKTeX 2.9\tex/latex/graphics\graphicx
.sty"
Package: graphicx 2017/06/01 v1.1a Enhanced LaTeX Graphics (DPC,SPQR)

("C:\Users\LuisLo\AppData\Local\Programs\MiKTeX 2.9\tex/latex/graphics\graphics
.sty"
Package: graphics 2019/11/01 v1.3d Standard LaTeX Graphics (DPC,SPQR)

("C:\Users\LuisLo\AppData\Local\Programs\MiKTeX 2.9\tex/latex/graphics\trig.sty
"
Package: trig 2016/01/03 v1.10 sin cos tan (DPC)
)
("C:\Users\LuisLo\AppData\Local\Programs\MiKTeX 2.9\tex/latex/graphics-cfg\grap
hics.cfg"
File: graphics.cfg 2016/06/04 v1.11 sample graphics configuration
)
Package graphics Info: Driver file: pdftex.def on input line 105.
)
\Gin@req@height=\dimen128
\Gin@req@width=\dimen129
)
("C:\Users\LuisLo\AppData\Local\Programs\MiKTeX 2.9\tex/latex/pgf/systemlayer\p
gfsys.sty"
("C:\Users\LuisLo\AppData\Local\Programs\MiKTeX 2.9\tex/generic/pgf/systemlayer
\pgfsys.code.tex"
Package: pgfsys 2020/01/08 v3.1.5b (3.1.5b)

("C:\Users\LuisLo\AppData\Local\Programs\MiKTeX 2.9\tex/generic/pgf/utilities\p
gfkeys.code.tex"
\pgfkeys@pathtoks=\toks34
\pgfkeys@temptoks=\toks35

("C:\Users\LuisLo\AppData\Local\Programs\MiKTeX 2.9\tex/generic/pgf/utilities\p
gfkeysfiltered.code.tex"
\pgfkeys@tmptoks=\toks36
))
\pgf@x=\dimen130
\pgf@y=\dimen131
\pgf@xa=\dimen132
\pgf@ya=\dimen133
\pgf@xb=\dimen134
\pgf@yb=\dimen135
\pgf@xc=\dimen136
\pgf@yc=\dimen137
\pgf@xd=\dimen138
\pgf@yd=\dimen139
\w@pgf@writea=\write3
\r@pgf@reada=\read1
\c@pgf@counta=\count127
\c@pgf@countb=\count128
\c@pgf@countc=\count129
\c@pgf@countd=\count130
\t@pgf@toka=\toks37
\t@pgf@tokb=\toks38
\t@pgf@tokc=\toks39
\pgf@sys@id@count=\count131

("C:\Users\LuisLo\AppData\Local\Programs\MiKTeX 2.9\tex/generic/pgf/systemlayer
\pgf.cfg"
File: pgf.cfg 2020/01/08 v3.1.5b (3.1.5b)
)
Driver file for pgf: pgfsys-pdftex.def

("C:\Users\LuisLo\AppData\Local\Programs\MiKTeX 2.9\tex/generic/pgf/systemlayer
\pgfsys-pdftex.def"
File: pgfsys-pdftex.def 2020/01/08 v3.1.5b (3.1.5b)

("C:\Users\LuisLo\AppData\Local\Programs\MiKTeX 2.9\tex/generic/pgf/systemlayer
\pgfsys-common-pdf.def"
File: pgfsys-common-pdf.def 2020/01/08 v3.1.5b (3.1.5b)
)))
("C:\Users\LuisLo\AppData\Local\Programs\MiKTeX 2.9\tex/generic/pgf/systemlayer
\pgfsyssoftpath.code.tex"
File: pgfsyssoftpath.code.tex 2020/01/08 v3.1.5b (3.1.5b)
\pgfsyssoftpath@smallbuffer@items=\count132
\pgfsyssoftpath@bigbuffer@items=\count133
)
("C:\Users\LuisLo\AppData\Local\Programs\MiKTeX 2.9\tex/generic/pgf/systemlayer
\pgfsysprotocol.code.tex"
File: pgfsysprotocol.code.tex 2020/01/08 v3.1.5b (3.1.5b)
))
("C:\Users\LuisLo\AppData\Local\Programs\MiKTeX 2.9\tex/generic/pgf/basiclayer\
pgfcore.code.tex"
Package: pgfcore 2020/01/08 v3.1.5b (3.1.5b)

("C:\Users\LuisLo\AppData\Local\Programs\MiKTeX 2.9\tex/generic/pgf/math\pgfmat
h.code.tex"
("C:\Users\LuisLo\AppData\Local\Programs\MiKTeX 2.9\tex/generic/pgf/math\pgfmat
hcalc.code.tex"
("C:\Users\LuisLo\AppData\Local\Programs\MiKTeX 2.9\tex/generic/pgf/math\pgfmat
hutil.code.tex")
("C:\Users\LuisLo\AppData\Local\Programs\MiKTeX 2.9\tex/generic/pgf/math\pgfmat
hparser.code.tex"
\pgfmath@dimen=\dimen140
\pgfmath@count=\count134
\pgfmath@box=\box37
\pgfmath@toks=\toks40
\pgfmath@stack@operand=\toks41
\pgfmath@stack@operation=\toks42
)
("C:\Users\LuisLo\AppData\Local\Programs\MiKTeX 2.9\tex/generic/pgf/math\pgfmat
hfunctions.code.tex"
("C:\Users\LuisLo\AppData\Local\Programs\MiKTeX 2.9\tex/generic/pgf/math\pgfmat
hfunctions.basic.code.tex")
("C:\Users\LuisLo\AppData\Local\Programs\MiKTeX 2.9\tex/generic/pgf/math\pgfmat
hfunctions.trigonometric.code.tex")
("C:\Users\LuisLo\AppData\Local\Programs\MiKTeX 2.9\tex/generic/pgf/math\pgfmat
hfunctions.random.code.tex")
("C:\Users\LuisLo\AppData\Local\Programs\MiKTeX 2.9\tex/generic/pgf/math\pgfmat
hfunctions.comparison.code.tex")
("C:\Users\LuisLo\AppData\Local\Programs\MiKTeX 2.9\tex/generic/pgf/math\pgfmat
hfunctions.base.code.tex")
("C:\Users\LuisLo\AppData\Local\Programs\MiKTeX 2.9\tex/generic/pgf/math\pgfmat
hfunctions.round.code.tex")
("C:\Users\LuisLo\AppData\Local\Programs\MiKTeX 2.9\tex/generic/pgf/math\pgfmat
hfunctions.misc.code.tex")
("C:\Users\LuisLo\AppData\Local\Programs\MiKTeX 2.9\tex/generic/pgf/math\pgfmat
hfunctions.integerarithmetics.code.tex")))
("C:\Users\LuisLo\AppData\Local\Programs\MiKTeX 2.9\tex/generic/pgf/math\pgfmat
hfloat.code.tex"
\c@pgfmathroundto@lastzeros=\count135
))
("C:\Users\LuisLo\AppData\Local\Programs\MiKTeX 2.9\tex/generic/pgf/math\pgfint
.code.tex")
("C:\Users\LuisLo\AppData\Local\Programs\MiKTeX 2.9\tex/generic/pgf/basiclayer\
pgfcorepoints.code.tex"
File: pgfcorepoints.code.tex 2020/01/08 v3.1.5b (3.1.5b)
\pgf@picminx=\dimen141
\pgf@picmaxx=\dimen142
\pgf@picminy=\dimen143
\pgf@picmaxy=\dimen144
\pgf@pathminx=\dimen145
\pgf@pathmaxx=\dimen146
\pgf@pathminy=\dimen147
\pgf@pathmaxy=\dimen148
\pgf@xx=\dimen149
\pgf@xy=\dimen150
\pgf@yx=\dimen151
\pgf@yy=\dimen152
\pgf@zx=\dimen153
\pgf@zy=\dimen154
)
("C:\Users\LuisLo\AppData\Local\Programs\MiKTeX 2.9\tex/generic/pgf/basiclayer\
pgfcorepathconstruct.code.tex"
File: pgfcorepathconstruct.code.tex 2020/01/08 v3.1.5b (3.1.5b)
\pgf@path@lastx=\dimen155
\pgf@path@lasty=\dimen156
)
("C:\Users\LuisLo\AppData\Local\Programs\MiKTeX 2.9\tex/generic/pgf/basiclayer\
pgfcorepathusage.code.tex"
File: pgfcorepathusage.code.tex 2020/01/08 v3.1.5b (3.1.5b)
\pgf@shorten@end@additional=\dimen157
\pgf@shorten@start@additional=\dimen158
)
("C:\Users\LuisLo\AppData\Local\Programs\MiKTeX 2.9\tex/generic/pgf/basiclayer\
pgfcorescopes.code.tex"
File: pgfcorescopes.code.tex 2020/01/08 v3.1.5b (3.1.5b)
\pgfpic=\box38
\pgf@hbox=\box39
\pgf@layerbox@main=\box40
\pgf@picture@serial@count=\count136
)
("C:\Users\LuisLo\AppData\Local\Programs\MiKTeX 2.9\tex/generic/pgf/basiclayer\
pgfcoregraphicstate.code.tex"
File: pgfcoregraphicstate.code.tex 2020/01/08 v3.1.5b (3.1.5b)
\pgflinewidth=\dimen159
)
("C:\Users\LuisLo\AppData\Local\Programs\MiKTeX 2.9\tex/generic/pgf/basiclayer\
pgfcoretransformations.code.tex"
File: pgfcoretransformations.code.tex 2020/01/08 v3.1.5b (3.1.5b)
\pgf@pt@x=\dimen160
\pgf@pt@y=\dimen161
\pgf@pt@temp=\dimen162
)
("C:\Users\LuisLo\AppData\Local\Programs\MiKTeX 2.9\tex/generic/pgf/basiclayer\
pgfcorequick.code.tex"
File: pgfcorequick.code.tex 2020/01/08 v3.1.5b (3.1.5b)
)
("C:\Users\LuisLo\AppData\Local\Programs\MiKTeX 2.9\tex/generic/pgf/basiclayer\
pgfcoreobjects.code.tex"
File: pgfcoreobjects.code.tex 2020/01/08 v3.1.5b (3.1.5b)
)
("C:\Users\LuisLo\AppData\Local\Programs\MiKTeX 2.9\tex/generic/pgf/basiclayer\
pgfcorepathprocessing.code.tex"
File: pgfcorepathprocessing.code.tex 2020/01/08 v3.1.5b (3.1.5b)
)
("C:\Users\LuisLo\AppData\Local\Programs\MiKTeX 2.9\tex/generic/pgf/basiclayer\
pgfcorearrows.code.tex"
File: pgfcorearrows.code.tex 2020/01/08 v3.1.5b (3.1.5b)
\pgfarrowsep=\dimen163
)
("C:\Users\LuisLo\AppData\Local\Programs\MiKTeX 2.9\tex/generic/pgf/basiclayer\
pgfcoreshade.code.tex"
File: pgfcoreshade.code.tex 2020/01/08 v3.1.5b (3.1.5b)
\pgf@max=\dimen164
\pgf@sys@shading@range@num=\count137
\pgf@shadingcount=\count138
)
("C:\Users\LuisLo\AppData\Local\Programs\MiKTeX 2.9\tex/generic/pgf/basiclayer\
pgfcoreimage.code.tex"
File: pgfcoreimage.code.tex 2020/01/08 v3.1.5b (3.1.5b)

("C:\Users\LuisLo\AppData\Local\Programs\MiKTeX 2.9\tex/generic/pgf/basiclayer\
pgfcoreexternal.code.tex"
File: pgfcoreexternal.code.tex 2020/01/08 v3.1.5b (3.1.5b)
\pgfexternal@startupbox=\box41
))
("C:\Users\LuisLo\AppData\Local\Programs\MiKTeX 2.9\tex/generic/pgf/basiclayer\
pgfcorelayers.code.tex"
File: pgfcorelayers.code.tex 2020/01/08 v3.1.5b (3.1.5b)
)
("C:\Users\LuisLo\AppData\Local\Programs\MiKTeX 2.9\tex/generic/pgf/basiclayer\
pgfcoretransparency.code.tex"
File: pgfcoretransparency.code.tex 2020/01/08 v3.1.5b (3.1.5b)
)
("C:\Users\LuisLo\AppData\Local\Programs\MiKTeX 2.9\tex/generic/pgf/basiclayer\
pgfcorepatterns.code.tex"
File: pgfcorepatterns.code.tex 2020/01/08 v3.1.5b (3.1.5b)
)
("C:\Users\LuisLo\AppData\Local\Programs\MiKTeX 2.9\tex/generic/pgf/basiclayer\
pgfcorerdf.code.tex"
File: pgfcorerdf.code.tex 2020/01/08 v3.1.5b (3.1.5b)
)))
("C:\Users\LuisLo\AppData\Local\Programs\MiKTeX 2.9\tex/generic/pgf/modules\pgf
moduleshapes.code.tex"
File: pgfmoduleshapes.code.tex 2020/01/08 v3.1.5b (3.1.5b)
\pgfnodeparttextbox=\box42
)
("C:\Users\LuisLo\AppData\Local\Programs\MiKTeX 2.9\tex/generic/pgf/modules\pgf
moduleplot.code.tex"
File: pgfmoduleplot.code.tex 2020/01/08 v3.1.5b (3.1.5b)
)
("C:\Users\LuisLo\AppData\Local\Programs\MiKTeX 2.9\tex/latex/pgf/compatibility
\pgfcomp-version-0-65.sty"
Package: pgfcomp-version-0-65 2020/01/08 v3.1.5b (3.1.5b)
\pgf@nodesepstart=\dimen165
\pgf@nodesepend=\dimen166
)
("C:\Users\LuisLo\AppData\Local\Programs\MiKTeX 2.9\tex/latex/pgf/compatibility
\pgfcomp-version-1-18.sty"
Package: pgfcomp-version-1-18 2020/01/08 v3.1.5b (3.1.5b)
))
("C:\Users\LuisLo\AppData\Local\Programs\MiKTeX 2.9\tex/latex/pgf/utilities\pgf
for.sty"
("C:\Users\LuisLo\AppData\Local\Programs\MiKTeX 2.9\tex/latex/pgf/utilities\pgf
keys.sty"
("C:\Users\LuisLo\AppData\Local\Programs\MiKTeX 2.9\tex/generic/pgf/utilities\p
gfkeys.code.tex"))
("C:\Users\LuisLo\AppData\Local\Programs\MiKTeX 2.9\tex/latex/pgf/math\pgfmath.
sty"
("C:\Users\LuisLo\AppData\Local\Programs\MiKTeX 2.9\tex/generic/pgf/math\pgfmat
h.code.tex"))
("C:\Users\LuisLo\AppData\Local\Programs\MiKTeX 2.9\tex/generic/pgf/utilities\p
gffor.code.tex"
Package: pgffor 2020/01/08 v3.1.5b (3.1.5b)

("C:\Users\LuisLo\AppData\Local\Programs\MiKTeX 2.9\tex/generic/pgf/math\pgfmat
h.code.tex")
\pgffor@iter=\dimen167
\pgffor@skip=\dimen168
\pgffor@stack=\toks43
\pgffor@toks=\toks44
))
("C:\Users\LuisLo\AppData\Local\Programs\MiKTeX 2.9\tex/generic/pgf/frontendlay
er/tikz\tikz.code.tex"
Package: tikz 2020/01/08 v3.1.5b (3.1.5b)

("C:\Users\LuisLo\AppData\Local\Programs\MiKTeX 2.9\tex/generic/pgf/libraries\p
gflibraryplothandlers.code.tex"
File: pgflibraryplothandlers.code.tex 2020/01/08 v3.1.5b (3.1.5b)
\pgf@plot@mark@count=\count139
\pgfplotmarksize=\dimen169
)
\tikz@lastx=\dimen170
\tikz@lasty=\dimen171
\tikz@lastxsaved=\dimen172
\tikz@lastysaved=\dimen173
\tikz@lastmovetox=\dimen174
\tikz@lastmovetoy=\dimen175
\tikzleveldistance=\dimen176
\tikzsiblingdistance=\dimen177
\tikz@figbox=\box43
\tikz@figbox@bg=\box44
\tikz@tempbox=\box45
\tikz@tempbox@bg=\box46
\tikztreelevel=\count140
\tikznumberofchildren=\count141
\tikznumberofcurrentchild=\count142
\tikz@fig@count=\count143

("C:\Users\LuisLo\AppData\Local\Programs\MiKTeX 2.9\tex/generic/pgf/modules\pgf
modulematrix.code.tex"
File: pgfmodulematrix.code.tex 2020/01/08 v3.1.5b (3.1.5b)
\pgfmatrixcurrentrow=\count144
\pgfmatrixcurrentcolumn=\count145
\pgf@matrix@numberofcolumns=\count146
)
\tikz@expandcount=\count147

("C:\Users\LuisLo\AppData\Local\Programs\MiKTeX 2.9\tex/generic/pgf/frontendlay
er/tikz/libraries\tikzlibrarytopaths.code.tex"
File: tikzlibrarytopaths.code.tex 2020/01/08 v3.1.5b (3.1.5b)
)))
("C:\Users\LuisLo\AppData\Local\Programs\MiKTeX 2.9\tex/generic/pgf/frontendlay
er/tikz/libraries\tikzlibrarypositioning.code.tex"
File: tikzlibrarypositioning.code.tex 2020/01/08 v3.1.5b (3.1.5b)
)
("C:\Users\LuisLo\AppData\Local\Programs\MiKTeX 2.9\tex/generic/pgf/frontendlay
er/tikz/libraries\tikzlibraryshadows.code.tex"
File: tikzlibraryshadows.code.tex 2020/01/08 v3.1.5b (3.1.5b)

("C:\Users\LuisLo\AppData\Local\Programs\MiKTeX 2.9\tex/generic/pgf/frontendlay
er/tikz/libraries\tikzlibraryfadings.code.tex"
File: tikzlibraryfadings.code.tex 2020/01/08 v3.1.5b (3.1.5b)

("C:\Users\LuisLo\AppData\Local\Programs\MiKTeX 2.9\tex/generic/pgf/libraries\p
gflibraryfadings.code.tex"
File: pgflibraryfadings.code.tex 2020/01/08 v3.1.5b (3.1.5b)
)))
\c@@todonotes@numberoftodonotes=\count148
)
\c@Changes@AuthorCount=\count149
\c@Changes@Author=\count150
\c@Changes@addedCount=\count151
\c@Changes@deletedCount=\count152
\c@Changes@replacedCount=\count153
\c@Changes@highlightCount=\count154
\c@Changes@commentCount=\count155
\c@authorcommentcount=\count156

("C:\Users\LuisLo\AppData\Local\Programs\MiKTeX 2.9\tex/latex/truncate\truncate
.sty"
Package: truncate 2001/08/20  ver 3.6
\@Trunc@RestHyph=\toks45
)
\Changes@truncate@width=\skip64
\Changes@summary@width=\skip65
)
\c@Changes@addedCountLL=\count157
\c@Changes@deletedCountLL=\count158
\c@Changes@replacedCountLL=\count159
\c@Changes@highlightCountLL=\count160
\c@Changes@commentCountLL=\count161
\c@Changes@addedCountJA=\count162
\c@Changes@deletedCountJA=\count163
\c@Changes@replacedCountJA=\count164
\c@Changes@highlightCountJA=\count165
\c@Changes@commentCountJA=\count166
 (CryptoMarket2018Rev1.aux)
\openout1 = `CryptoMarket2018Rev1.aux'.

LaTeX Font Info:    Checking defaults for OML/cmm/m/it on input line 115.
LaTeX Font Info:    ... okay on input line 115.
LaTeX Font Info:    Checking defaults for T1/cmr/m/n on input line 115.
LaTeX Font Info:    ... okay on input line 115.
LaTeX Font Info:    Checking defaults for OT1/cmr/m/n on input line 115.
LaTeX Font Info:    ... okay on input line 115.
LaTeX Font Info:    Checking defaults for OMS/cmsy/m/n on input line 115.
LaTeX Font Info:    ... okay on input line 115.
LaTeX Font Info:    Checking defaults for OMX/cmex/m/n on input line 115.
LaTeX Font Info:    ... okay on input line 115.
LaTeX Font Info:    Checking defaults for U/cmr/m/n on input line 115.
LaTeX Font Info:    ... okay on input line 115.
LaTeX Font Info:    Checking defaults for PD1/pdf/m/n on input line 115.
LaTeX Font Info:    ... okay on input line 115.

("C:\Users\LuisLo\AppData\Local\Programs\MiKTeX 2.9\tex/context/base/mkii\supp-
pdf.mkii"
[Loading MPS to PDF converter (version 2006.09.02).]
\scratchcounter=\count167
\scratchdimen=\dimen178
\scratchbox=\box47
\nofMPsegments=\count168
\nofMParguments=\count169
\everyMPshowfont=\toks46
\MPscratchCnt=\count170
\MPscratchDim=\dimen179
\MPnumerator=\count171
\makeMPintoPDFobject=\count172
\everyMPtoPDFconversion=\toks47
)
("C:\Users\LuisLo\AppData\Local\Programs\MiKTeX 2.9\tex/latex/epstopdf-pkg\epst
opdf-base.sty"
Package: epstopdf-base 2019-12-09 v2.10 Base part for package epstopdf

("C:\Users\LuisLo\AppData\Local\Programs\MiKTeX 2.9\tex/latex/grfext\grfext.sty
"
Package: grfext 2019/12/03 v1.3 Manage graphics extensions (HO)
)
Package epstopdf-base Info: Redefining graphics rule for `.eps' on input line 4
85.
Package grfext Info: Graphics extension search list:
(grfext)             [.pdf,.png,.jpg,.mps,.jpeg,.jbig2,.jb2,.PDF,.PNG,.JPG,.JPE
G,.JBIG2,.JB2,.eps]
(grfext)             \AppendGraphicsExtensions on input line 504.
)
Package lastpage Info: Please have a look at the pageslts package at
(lastpage)             https://www.ctan.org/pkg/pageslts
(lastpage)             ! on input line 115.
\AtBeginShipoutBox=\box48
Package hyperref Info: Link coloring ON on input line 115.

("C:\Users\LuisLo\AppData\Local\Programs\MiKTeX 2.9\tex/latex/hyperref\nameref.
sty"
Package: nameref 2019/09/16 v2.46 Cross-referencing by name of section

("C:\Users\LuisLo\AppData\Local\Programs\MiKTeX 2.9\tex/latex/refcount\refcount
.sty"
Package: refcount 2019/12/15 v3.6 Data extraction from label references (HO)
)
("C:\Users\LuisLo\AppData\Local\Programs\MiKTeX 2.9\tex/generic/gettitlestring\
gettitlestring.sty"
Package: gettitlestring 2019/12/15 v1.6 Cleanup title references (HO)
)
\c@section@level=\count173
)
LaTeX Info: Redefining \ref on input line 115.
LaTeX Info: Redefining \pageref on input line 115.
LaTeX Info: Redefining \nameref on input line 115.
 (CryptoMarket2018Rev1.out) (CryptoMarket2018Rev1.out)
\@outlinefile=\write4
\openout4 = `CryptoMarket2018Rev1.out'.


ABD: EveryShipout initializing macros

LaTeX Font Warning: Font shape `OT1/cmss/bx/n' in size <13> not available
(Font)              size <12> substituted on input line 121.


LaTeX Font Warning: Font shape `OT1/cmss/m/n' in size <24> not available
(Font)              size <24.88> substituted on input line 129.

LaTeX Font Info:    Calculating math sizes for size <11> on input line 150.

LaTeX Font Warning: Font shape `OT1/cmr/m/n' in size <5.5> not available
(Font)              size <5> substituted on input line 150.


LaTeX Font Warning: Font shape `OML/cmm/m/it' in size <5.5> not available
(Font)              size <5> substituted on input line 150.


LaTeX Font Warning: Font shape `OMS/cmsy/m/n' in size <5.5> not available
(Font)              size <5> substituted on input line 150.

LaTeX Font Info:    Trying to load font information for OMS+cmss on input line 
150.
LaTeX Font Info:    No file OMScmss.fd. on input line 150.

LaTeX Font Warning: Font shape `OMS/cmss/m/n' undefined
(Font)              using `OMS/cmsy/m/n' instead
(Font)              for symbol `textdagger' on input line 150.

\address@aff1=\toks48
\address@aff2=\toks49

LaTeX Font Warning: Font shape `OT1/cmss/m/it' in size <8> not available
(Font)              Font shape `OT1/cmss/m/sl' tried instead on input line 280.


[1{C:/Users/LuisLo/AppData/Local/MiKTeX/2.9/pdftex/config/pdftex.map}

] [2]
LaTeX Font Info:    Trying to load font information for OMS+cmr on input line 2
96.

("C:\Users\LuisLo\AppData\Local\Programs\MiKTeX 2.9\tex/latex/base\omscmr.fd"
File: omscmr.fd 2014/09/29 v2.5h Standard LaTeX font definitions
)
LaTeX Font Info:    Font shape `OMS/cmr/m/n' in size <10> not available
(Font)              Font shape `OMS/cmsy/m/n' tried instead on input line 296.

[3] [4] [5] [6]
Overfull \hbox (11.27835pt too wide) in paragraph at lines 371--372
[]\OT1/cmr/m/n/10 Besides the cryp-tocur-rency data, we also re-trieve time-ser
ies from https://cci30.com/
 []


Underfull \hbox (badness 10000) in paragraph at lines 371--372

 []


Underfull \hbox (badness 10000) in paragraph at lines 377--378

 []

[7] [8] [9] [10] [11]
Underfull \hbox (badness 10000) in paragraph at lines 487--488

 []

[12] [13]
Underfull \hbox (badness 10000) in paragraph at lines 548--549

 []

[14]
Underfull \hbox (badness 10000) in paragraph at lines 570--571

 []

[15] [16] [17] [18] [19]
Underfull \hbox (badness 10000) in paragraph at lines 642--643

 []


Underfull \hbox (badness 10000) in paragraph at lines 653--654

 []


Underfull \hbox (badness 10000) in paragraph at lines 655--656

 []


Underfull \hbox (badness 10000) in paragraph at lines 657--658

 []


Underfull \hbox (badness 10000) in paragraph at lines 659--660

 []


Underfull \hbox (badness 10000) in paragraph at lines 661--662

 []

[20]
Underfull \hbox (badness 10000) in paragraph at lines 666--667

 []


Underfull \hbox (badness 10000) in paragraph at lines 668--669

 []


Underfull \hbox (badness 10000) in paragraph at lines 670--671

 []


Underfull \hbox (badness 10000) in paragraph at lines 672--673

 []


Underfull \hbox (badness 10000) in paragraph at lines 674--675

 []


Underfull \hbox (badness 10000) in paragraph at lines 676--677

 []

[21]
Underfull \hbox (badness 10000) in paragraph at lines 681--682

 []


Underfull \hbox (badness 10000) in paragraph at lines 694--695

 []


Underfull \hbox (badness 10000) in paragraph at lines 702--702

 []


Underfull \hbox (badness 10000) in paragraph at lines 707--708

 []

[22]
Underfull \hbox (badness 10000) in paragraph at lines 713--714

 []


Underfull \hbox (badness 10000) in paragraph at lines 715--716

 []


Underfull \hbox (badness 10000) in paragraph at lines 717--718

 []

[23] [24] (CryptoMarket2018Rev1.bbl [25] [26]

LaTeX Font Warning: Font shape `OT1/cmss/m/it' in size <7> not available
(Font)              Font shape `OT1/cmss/m/sl' tried instead on input line 1123
.

)

Package natbib Warning: Citation `label' undefined on input line 788.

Package epstopdf Info: Source file: <NonTradingDaysHist.eps>
(epstopdf)                    date: 2020-12-30 21:54:23
(epstopdf)                    size: 999306 bytes
(epstopdf)             Output file: <NonTradingDaysHist-eps-converted-to.pdf>
(epstopdf)                    date: 2020-12-30 21:55:11
(epstopdf)                    size: 18236 bytes
(epstopdf)             Command: <epstopdf --outfile=NonTradingDaysHist-eps-conv
erted-to.pdf NonTradingDaysHist.eps>
(epstopdf)             \includegraphics on input line 813.
Package epstopdf Info: Output file is already uptodate.


pdfTeX warning: pdflatex.exe (file ./NonTradingDaysHist-eps-converted-to.pdf): 
PDF inclusion: found PDF version <1.7>, but at most version <1.5> allowed
<NonTradingDaysHist-eps-converted-to.pdf, id=716, 526.96875pt x 526.96875pt>
File: NonTradingDaysHist-eps-converted-to.pdf Graphic file (type pdf)
<use NonTradingDaysHist-eps-converted-to.pdf>
Package pdftex.def Info: NonTradingDaysHist-eps-converted-to.pdf  used on input
 line 813.
(pdftex.def)             Requested size: 312.9803pt x 312.99146pt.

LaTeX Warning: `!h' float specifier changed to `!ht'.

Package epstopdf Info: Source file: <ClusterPlotKmeans7.eps>
(epstopdf)                    date: 2020-12-26 10:43:35
(epstopdf)                    size: 3044225 bytes
(epstopdf)             Output file: <ClusterPlotKmeans7-eps-converted-to.pdf>
(epstopdf)                    date: 2020-12-26 11:27:17
(epstopdf)                    size: 108332 bytes
(epstopdf)             Command: <epstopdf --outfile=ClusterPlotKmeans7-eps-conv
erted-to.pdf ClusterPlotKmeans7.eps>
(epstopdf)             \includegraphics on input line 820.
Package epstopdf Info: Output file is already uptodate.


pdfTeX warning: pdflatex.exe (file ./ClusterPlotKmeans7-eps-converted-to.pdf): 
PDF inclusion: found PDF version <1.7>, but at most version <1.5> allowed
<ClusterPlotKmeans7-eps-converted-to.pdf, id=717, 752.8125pt x 376.40625pt>
File: ClusterPlotKmeans7-eps-converted-to.pdf Graphic file (type pdf)
<use ClusterPlotKmeans7-eps-converted-to.pdf>
Package pdftex.def Info: ClusterPlotKmeans7-eps-converted-to.pdf  used on input
 line 820.
(pdftex.def)             Requested size: 355.65944pt x 177.83565pt.
Package epstopdf Info: Source file: <ClusterPlotHist4B.eps>
(epstopdf)                    date: 2020-12-26 18:47:47
(epstopdf)                    size: 3044225 bytes
(epstopdf)             Output file: <ClusterPlotHist4B-eps-converted-to.pdf>
(epstopdf)                    date: 2020-12-26 18:49:15
(epstopdf)                    size: 108953 bytes
(epstopdf)             Command: <epstopdf --outfile=ClusterPlotHist4B-eps-conve
rted-to.pdf ClusterPlotHist4B.eps>
(epstopdf)             \includegraphics on input line 821.
Package epstopdf Info: Output file is already uptodate.


pdfTeX warning: pdflatex.exe (file ./ClusterPlotHist4B-eps-converted-to.pdf): P
DF inclusion: found PDF version <1.7>, but at most version <1.5> allowed
<ClusterPlotHist4B-eps-converted-to.pdf, id=718, 752.8125pt x 376.40625pt>
File: ClusterPlotHist4B-eps-converted-to.pdf Graphic file (type pdf)
<use ClusterPlotHist4B-eps-converted-to.pdf>
Package pdftex.def Info: ClusterPlotHist4B-eps-converted-to.pdf  used on input 
line 821.
(pdftex.def)             Requested size: 355.65944pt x 177.83565pt.
Package epstopdf Info: Source file: <ClusterPlotTADpole5.eps>
(epstopdf)                    date: 2020-09-19 15:00:30
(epstopdf)                    size: 1020592 bytes
(epstopdf)             Output file: <ClusterPlotTADpole5-eps-converted-to.pdf>
(epstopdf)                    date: 2020-12-24 19:57:43
(epstopdf)                    size: 29991 bytes
(epstopdf)             Command: <epstopdf --outfile=ClusterPlotTADpole5-eps-con
verted-to.pdf ClusterPlotTADpole5.eps>
(epstopdf)             \includegraphics on input line 822.
Package epstopdf Info: Output file is already uptodate.


pdfTeX warning: pdflatex.exe (file ./ClusterPlotTADpole5-eps-converted-to.pdf):
 PDF inclusion: found PDF version <1.7>, but at most version <1.5> allowed
<ClusterPlotTADpole5-eps-converted-to.pdf, id=719, 752.8125pt x 376.40625pt>
File: ClusterPlotTADpole5-eps-converted-to.pdf Graphic file (type pdf)
<use ClusterPlotTADpole5-eps-converted-to.pdf>
Package pdftex.def Info: ClusterPlotTADpole5-eps-converted-to.pdf  used on inpu
t line 822.
(pdftex.def)             Requested size: 355.65944pt x 177.83565pt.

Overfull \hbox (7.15944pt too wide) in paragraph at lines 820--823
 [][] 
 []


Overfull \hbox (7.15944pt too wide) in paragraph at lines 820--823
 [][] 
 []


Overfull \hbox (7.15944pt too wide) in paragraph at lines 820--823
 [][] 
 []


LaTeX Warning: `!h' float specifier changed to `!ht'.

Package epstopdf Info: Source file: <CentroidKMClust1B.eps>
(epstopdf)                    date: 2020-12-26 10:39:28
(epstopdf)                    size: 1815494 bytes
(epstopdf)             Output file: <CentroidKMClust1B-eps-converted-to.pdf>
(epstopdf)                    date: 2020-12-26 11:15:52
(epstopdf)                    size: 53210 bytes
(epstopdf)             Command: <epstopdf --outfile=CentroidKMClust1B-eps-conve
rted-to.pdf CentroidKMClust1B.eps>
(epstopdf)             \includegraphics on input line 829.
Package epstopdf Info: Output file is already uptodate.


pdfTeX warning: pdflatex.exe (file ./CentroidKMClust1B-eps-converted-to.pdf): P
DF inclusion: found PDF version <1.7>, but at most version <1.5> allowed
<CentroidKMClust1B-eps-converted-to.pdf, id=720, 449.68pt x 374.39874pt>
File: CentroidKMClust1B-eps-converted-to.pdf Graphic file (type pdf)
<use CentroidKMClust1B-eps-converted-to.pdf>
Package pdftex.def Info: CentroidKMClust1B-eps-converted-to.pdf  used on input 
line 829.
(pdftex.def)             Requested size: 199.16928pt x 165.8271pt.
Package epstopdf Info: Source file: <CentroidKMClust1DetalleB.eps>
(epstopdf)                    date: 2020-12-26 10:40:04
(epstopdf)                    size: 1815494 bytes
(epstopdf)             Output file: <CentroidKMClust1DetalleB-eps-converted-to.
pdf>
(epstopdf)                    date: 2020-12-26 11:15:55
(epstopdf)                    size: 74620 bytes
(epstopdf)             Command: <epstopdf --outfile=CentroidKMClust1DetalleB-ep
s-converted-to.pdf CentroidKMClust1DetalleB.eps>
(epstopdf)             \includegraphics on input line 830.
Package epstopdf Info: Output file is already uptodate.


pdfTeX warning: pdflatex.exe (file ./CentroidKMClust1DetalleB-eps-converted-to.
pdf): PDF inclusion: found PDF version <1.7>, but at most version <1.5> allowed

<CentroidKMClust1DetalleB-eps-converted-to.pdf, id=721, 449.68pt x 374.39874pt>

File: CentroidKMClust1DetalleB-eps-converted-to.pdf Graphic file (type pdf)
<use CentroidKMClust1DetalleB-eps-converted-to.pdf>
Package pdftex.def Info: CentroidKMClust1DetalleB-eps-converted-to.pdf  used on
 input line 830.
(pdftex.def)             Requested size: 199.16928pt x 165.8271pt.

LaTeX Warning: `!h' float specifier changed to `!ht'.

Package epstopdf Info: Source file: <CentroidKMClust2FB.eps>
(epstopdf)                    date: 2020-12-26 10:41:13
(epstopdf)                    size: 1815494 bytes
(epstopdf)             Output file: <CentroidKMClust2FB-eps-converted-to.pdf>
(epstopdf)                    date: 2020-12-26 11:15:57
(epstopdf)                    size: 90632 bytes
(epstopdf)             Command: <epstopdf --outfile=CentroidKMClust2FB-eps-conv
erted-to.pdf CentroidKMClust2FB.eps>
(epstopdf)             \includegraphics on input line 837.
Package epstopdf Info: Output file is already uptodate.


pdfTeX warning: pdflatex.exe (file ./CentroidKMClust2FB-eps-converted-to.pdf): 
PDF inclusion: found PDF version <1.7>, but at most version <1.5> allowed
<CentroidKMClust2FB-eps-converted-to.pdf, id=722, 449.68pt x 374.39874pt>
File: CentroidKMClust2FB-eps-converted-to.pdf Graphic file (type pdf)
<use CentroidKMClust2FB-eps-converted-to.pdf>
Package pdftex.def Info: CentroidKMClust2FB-eps-converted-to.pdf  used on input
 line 837.
(pdftex.def)             Requested size: 199.16928pt x 165.8271pt.
Package epstopdf Info: Source file: <CentroidKMClust2DetalleGB.eps>
(epstopdf)                    date: 2020-12-26 10:40:30
(epstopdf)                    size: 1815494 bytes
(epstopdf)             Output file: <CentroidKMClust2DetalleGB-eps-converted-to
.pdf>
(epstopdf)                    date: 2020-12-26 11:16:00
(epstopdf)                    size: 79858 bytes
(epstopdf)             Command: <epstopdf --outfile=CentroidKMClust2DetalleGB-e
ps-converted-to.pdf CentroidKMClust2DetalleGB.eps>
(epstopdf)             \includegraphics on input line 838.
Package epstopdf Info: Output file is already uptodate.


pdfTeX warning: pdflatex.exe (file ./CentroidKMClust2DetalleGB-eps-converted-to
.pdf): PDF inclusion: found PDF version <1.7>, but at most version <1.5> allowe
d
<CentroidKMClust2DetalleGB-eps-converted-to.pdf, id=723, 449.68pt x 374.39874pt
>
File: CentroidKMClust2DetalleGB-eps-converted-to.pdf Graphic file (type pdf)
<use CentroidKMClust2DetalleGB-eps-converted-to.pdf>
Package pdftex.def Info: CentroidKMClust2DetalleGB-eps-converted-to.pdf  used o
n input line 838.
(pdftex.def)             Requested size: 199.16928pt x 165.8271pt.
Package epstopdf Info: Source file: <CentroidKMClust2DetalleHB.eps>
(epstopdf)                    date: 2020-12-26 10:40:51
(epstopdf)                    size: 1815494 bytes
(epstopdf)             Output file: <CentroidKMClust2DetalleHB-eps-converted-to
.pdf>
(epstopdf)                    date: 2020-12-26 11:17:03
(epstopdf)                    size: 14009 bytes
(epstopdf)             Command: <epstopdf --outfile=CentroidKMClust2DetalleHB-e
ps-converted-to.pdf CentroidKMClust2DetalleHB.eps>
(epstopdf)             \includegraphics on input line 839.
Package epstopdf Info: Output file is already uptodate.


pdfTeX warning: pdflatex.exe (file ./CentroidKMClust2DetalleHB-eps-converted-to
.pdf): PDF inclusion: found PDF version <1.7>, but at most version <1.5> allowe
d
<CentroidKMClust2DetalleHB-eps-converted-to.pdf, id=724, 449.68pt x 374.39874pt
>
File: CentroidKMClust2DetalleHB-eps-converted-to.pdf Graphic file (type pdf)
<use CentroidKMClust2DetalleHB-eps-converted-to.pdf>
Package pdftex.def Info: CentroidKMClust2DetalleHB-eps-converted-to.pdf  used o
n input line 839.
(pdftex.def)             Requested size: 199.16928pt x 165.8271pt.

LaTeX Warning: `!h' float specifier changed to `!ht'.

Package epstopdf Info: Source file: <CentroidKMClust3DB.eps>
(epstopdf)                    date: 2020-12-26 10:42:54
(epstopdf)                    size: 1815494 bytes
(epstopdf)             Output file: <CentroidKMClust3DB-eps-converted-to.pdf>
(epstopdf)                    date: 2020-12-26 11:16:03
(epstopdf)                    size: 84986 bytes
(epstopdf)             Command: <epstopdf --outfile=CentroidKMClust3DB-eps-conv
erted-to.pdf CentroidKMClust3DB.eps>
(epstopdf)             \includegraphics on input line 846.
Package epstopdf Info: Output file is already uptodate.


pdfTeX warning: pdflatex.exe (file ./CentroidKMClust3DB-eps-converted-to.pdf): 
PDF inclusion: found PDF version <1.7>, but at most version <1.5> allowed
<CentroidKMClust3DB-eps-converted-to.pdf, id=725, 449.68pt x 374.39874pt>
File: CentroidKMClust3DB-eps-converted-to.pdf Graphic file (type pdf)
<use CentroidKMClust3DB-eps-converted-to.pdf>
Package pdftex.def Info: CentroidKMClust3DB-eps-converted-to.pdf  used on input
 line 846.
(pdftex.def)             Requested size: 199.16928pt x 165.8271pt.
Package epstopdf Info: Source file: <CentroidKMClust3DetalleDB.eps>
(epstopdf)                    date: 2020-12-26 10:43:14
(epstopdf)                    size: 1815494 bytes
(epstopdf)             Output file: <CentroidKMClust3DetalleDB-eps-converted-to
.pdf>
(epstopdf)                    date: 2020-12-26 11:16:05
(epstopdf)                    size: 24075 bytes
(epstopdf)             Command: <epstopdf --outfile=CentroidKMClust3DetalleDB-e
ps-converted-to.pdf CentroidKMClust3DetalleDB.eps>
(epstopdf)             \includegraphics on input line 847.
Package epstopdf Info: Output file is already uptodate.


pdfTeX warning: pdflatex.exe (file ./CentroidKMClust3DetalleDB-eps-converted-to
.pdf): PDF inclusion: found PDF version <1.7>, but at most version <1.5> allowe
d
<CentroidKMClust3DetalleDB-eps-converted-to.pdf, id=726, 449.68pt x 374.39874pt
>
File: CentroidKMClust3DetalleDB-eps-converted-to.pdf Graphic file (type pdf)
<use CentroidKMClust3DetalleDB-eps-converted-to.pdf>
Package pdftex.def Info: CentroidKMClust3DetalleDB-eps-converted-to.pdf  used o
n input line 847.
(pdftex.def)             Requested size: 199.16928pt x 165.8271pt.

LaTeX Warning: `!h' float specifier changed to `!ht'.

Package epstopdf Info: Source file: <HistDensClust1.eps>
(epstopdf)                    date: 2020-12-26 18:08:37
(epstopdf)                    size: 512962 bytes
(epstopdf)             Output file: <HistDensClust1-eps-converted-to.pdf>
(epstopdf)                    date: 2020-12-26 18:20:54
(epstopdf)                    size: 14229 bytes
(epstopdf)             Command: <epstopdf --outfile=HistDensClust1-eps-converte
d-to.pdf HistDensClust1.eps>
(epstopdf)             \includegraphics on input line 856.
Package epstopdf Info: Output file is already uptodate.


pdfTeX warning: pdflatex.exe (file ./HistDensClust1-eps-converted-to.pdf): PDF 
inclusion: found PDF version <1.7>, but at most version <1.5> allowed
<HistDensClust1-eps-converted-to.pdf, id=727, 376.40625pt x 376.40625pt>
File: HistDensClust1-eps-converted-to.pdf Graphic file (type pdf)
<use HistDensClust1-eps-converted-to.pdf>
Package pdftex.def Info: HistDensClust1-eps-converted-to.pdf  used on input lin
e 856.
(pdftex.def)             Requested size: 85.35826pt x 85.35973pt.
Package epstopdf Info: Source file: <HistDensClust1CHAT.eps>
(epstopdf)                    date: 2020-12-26 18:05:57
(epstopdf)                    size: 512962 bytes
(epstopdf)             Output file: <HistDensClust1CHAT-eps-converted-to.pdf>
(epstopdf)                    date: 2020-12-26 18:20:56
(epstopdf)                    size: 13328 bytes
(epstopdf)             Command: <epstopdf --outfile=HistDensClust1CHAT-eps-conv
erted-to.pdf HistDensClust1CHAT.eps>
(epstopdf)             \includegraphics on input line 857.
Package epstopdf Info: Output file is already uptodate.


pdfTeX warning: pdflatex.exe (file ./HistDensClust1CHAT-eps-converted-to.pdf): 
PDF inclusion: found PDF version <1.7>, but at most version <1.5> allowed
<HistDensClust1CHAT-eps-converted-to.pdf, id=728, 376.40625pt x 376.40625pt>
File: HistDensClust1CHAT-eps-converted-to.pdf Graphic file (type pdf)
<use HistDensClust1CHAT-eps-converted-to.pdf>
Package pdftex.def Info: HistDensClust1CHAT-eps-converted-to.pdf  used on input
 line 857.
(pdftex.def)             Requested size: 85.35826pt x 85.35973pt.
Package epstopdf Info: Source file: <HistDensClust1KEY.eps>
(epstopdf)                    date: 2020-12-26 18:04:30
(epstopdf)                    size: 512969 bytes
(epstopdf)             Output file: <HistDensClust1KEY-eps-converted-to.pdf>
(epstopdf)                    date: 2020-12-26 18:20:57
(epstopdf)                    size: 13439 bytes
(epstopdf)             Command: <epstopdf --outfile=HistDensClust1KEY-eps-conve
rted-to.pdf HistDensClust1KEY.eps>
(epstopdf)             \includegraphics on input line 858.
Package epstopdf Info: Output file is already uptodate.


pdfTeX warning: pdflatex.exe (file ./HistDensClust1KEY-eps-converted-to.pdf): P
DF inclusion: found PDF version <1.7>, but at most version <1.5> allowed
<HistDensClust1KEY-eps-converted-to.pdf, id=729, 376.40625pt x 376.40625pt>
File: HistDensClust1KEY-eps-converted-to.pdf Graphic file (type pdf)
<use HistDensClust1KEY-eps-converted-to.pdf>
Package pdftex.def Info: HistDensClust1KEY-eps-converted-to.pdf  used on input 
line 858.
(pdftex.def)             Requested size: 85.35826pt x 85.35973pt.
Package epstopdf Info: Source file: <HistDensClust2.eps>
(epstopdf)                    date: 2020-12-26 18:08:27
(epstopdf)                    size: 512962 bytes
(epstopdf)             Output file: <HistDensClust2-eps-converted-to.pdf>
(epstopdf)                    date: 2020-12-26 18:20:59
(epstopdf)                    size: 13520 bytes
(epstopdf)             Command: <epstopdf --outfile=HistDensClust2-eps-converte
d-to.pdf HistDensClust2.eps>
(epstopdf)             \includegraphics on input line 860.
Package epstopdf Info: Output file is already uptodate.


pdfTeX warning: pdflatex.exe (file ./HistDensClust2-eps-converted-to.pdf): PDF 
inclusion: found PDF version <1.7>, but at most version <1.5> allowed
<HistDensClust2-eps-converted-to.pdf, id=730, 376.40625pt x 376.40625pt>
File: HistDensClust2-eps-converted-to.pdf Graphic file (type pdf)
<use HistDensClust2-eps-converted-to.pdf>
Package pdftex.def Info: HistDensClust2-eps-converted-to.pdf  used on input lin
e 860.
(pdftex.def)             Requested size: 85.35826pt x 85.35973pt.
Package epstopdf Info: Source file: <HistDensClust2365.eps>
(epstopdf)                    date: 2020-12-26 18:07:19
(epstopdf)                    size: 512969 bytes
(epstopdf)             Output file: <HistDensClust2365-eps-converted-to.pdf>
(epstopdf)                    date: 2020-12-26 18:21:00
(epstopdf)                    size: 14715 bytes
(epstopdf)             Command: <epstopdf --outfile=HistDensClust2365-eps-conve
rted-to.pdf HistDensClust2365.eps>
(epstopdf)             \includegraphics on input line 861.
Package epstopdf Info: Output file is already uptodate.


pdfTeX warning: pdflatex.exe (file ./HistDensClust2365-eps-converted-to.pdf): P
DF inclusion: found PDF version <1.7>, but at most version <1.5> allowed
<HistDensClust2365-eps-converted-to.pdf, id=731, 376.40625pt x 376.40625pt>
File: HistDensClust2365-eps-converted-to.pdf Graphic file (type pdf)
<use HistDensClust2365-eps-converted-to.pdf>
Package pdftex.def Info: HistDensClust2365-eps-converted-to.pdf  used on input 
line 861.
(pdftex.def)             Requested size: 85.35826pt x 85.35973pt.
Package epstopdf Info: Source file: <HistDensClust2ALT.eps>
(epstopdf)                    date: 2020-12-26 18:06:58
(epstopdf)                    size: 512962 bytes
(epstopdf)             Output file: <HistDensClust2ALT-eps-converted-to.pdf>
(epstopdf)                    date: 2020-12-26 18:21:02
(epstopdf)                    size: 14635 bytes
(epstopdf)             Command: <epstopdf --outfile=HistDensClust2ALT-eps-conve
rted-to.pdf HistDensClust2ALT.eps>
(epstopdf)             \includegraphics on input line 862.
Package epstopdf Info: Output file is already uptodate.


pdfTeX warning: pdflatex.exe (file ./HistDensClust2ALT-eps-converted-to.pdf): P
DF inclusion: found PDF version <1.7>, but at most version <1.5> allowed
<HistDensClust2ALT-eps-converted-to.pdf, id=732, 376.40625pt x 376.40625pt>
File: HistDensClust2ALT-eps-converted-to.pdf Graphic file (type pdf)
<use HistDensClust2ALT-eps-converted-to.pdf>
Package pdftex.def Info: HistDensClust2ALT-eps-converted-to.pdf  used on input 
line 862.
(pdftex.def)             Requested size: 85.35826pt x 85.35973pt.
Package epstopdf Info: Source file: <HistDensClust3.eps>
(epstopdf)                    date: 2020-12-26 18:08:15
(epstopdf)                    size: 512990 bytes
(epstopdf)             Output file: <HistDensClust3-eps-converted-to.pdf>
(epstopdf)                    date: 2020-12-26 18:21:03
(epstopdf)                    size: 14301 bytes
(epstopdf)             Command: <epstopdf --outfile=HistDensClust3-eps-converte
d-to.pdf HistDensClust3.eps>
(epstopdf)             \includegraphics on input line 864.
Package epstopdf Info: Output file is already uptodate.


pdfTeX warning: pdflatex.exe (file ./HistDensClust3-eps-converted-to.pdf): PDF 
inclusion: found PDF version <1.7>, but at most version <1.5> allowed
<HistDensClust3-eps-converted-to.pdf, id=733, 376.40625pt x 376.40625pt>
File: HistDensClust3-eps-converted-to.pdf Graphic file (type pdf)
<use HistDensClust3-eps-converted-to.pdf>
Package pdftex.def Info: HistDensClust3-eps-converted-to.pdf  used on input lin
e 864.
(pdftex.def)             Requested size: 85.35826pt x 85.35973pt.
Package epstopdf Info: Source file: <HistDensClust3BTC.eps>
(epstopdf)                    date: 2020-12-26 18:06:17
(epstopdf)                    size: 512990 bytes
(epstopdf)             Output file: <HistDensClust3BTC-eps-converted-to.pdf>
(epstopdf)                    date: 2020-12-26 18:21:05
(epstopdf)                    size: 14036 bytes
(epstopdf)             Command: <epstopdf --outfile=HistDensClust3BTC-eps-conve
rted-to.pdf HistDensClust3BTC.eps>
(epstopdf)             \includegraphics on input line 865.
Package epstopdf Info: Output file is already uptodate.


pdfTeX warning: pdflatex.exe (file ./HistDensClust3BTC-eps-converted-to.pdf): P
DF inclusion: found PDF version <1.7>, but at most version <1.5> allowed
<HistDensClust3BTC-eps-converted-to.pdf, id=734, 376.40625pt x 376.40625pt>
File: HistDensClust3BTC-eps-converted-to.pdf Graphic file (type pdf)
<use HistDensClust3BTC-eps-converted-to.pdf>
Package pdftex.def Info: HistDensClust3BTC-eps-converted-to.pdf  used on input 
line 865.
(pdftex.def)             Requested size: 85.35826pt x 85.35973pt.
Package epstopdf Info: Source file: <HistDensClust3ETH.eps>
(epstopdf)                    date: 2020-12-26 18:05:35
(epstopdf)                    size: 512990 bytes
(epstopdf)             Output file: <HistDensClust3ETH-eps-converted-to.pdf>
(epstopdf)                    date: 2020-12-26 18:21:06
(epstopdf)                    size: 14812 bytes
(epstopdf)             Command: <epstopdf --outfile=HistDensClust3ETH-eps-conve
rted-to.pdf HistDensClust3ETH.eps>
(epstopdf)             \includegraphics on input line 866.
Package epstopdf Info: Output file is already uptodate.


pdfTeX warning: pdflatex.exe (file ./HistDensClust3ETH-eps-converted-to.pdf): P
DF inclusion: found PDF version <1.7>, but at most version <1.5> allowed
<HistDensClust3ETH-eps-converted-to.pdf, id=735, 376.40625pt x 376.40625pt>
File: HistDensClust3ETH-eps-converted-to.pdf Graphic file (type pdf)
<use HistDensClust3ETH-eps-converted-to.pdf>
Package pdftex.def Info: HistDensClust3ETH-eps-converted-to.pdf  used on input 
line 866.
(pdftex.def)             Requested size: 85.35826pt x 85.35973pt.
Package epstopdf Info: Source file: <HistDensClust4.eps>
(epstopdf)                    date: 2020-12-26 18:08:02
(epstopdf)                    size: 512983 bytes
(epstopdf)             Output file: <HistDensClust4-eps-converted-to.pdf>
(epstopdf)                    date: 2020-12-26 18:21:08
(epstopdf)                    size: 13079 bytes
(epstopdf)             Command: <epstopdf --outfile=HistDensClust4-eps-converte
d-to.pdf HistDensClust4.eps>
(epstopdf)             \includegraphics on input line 868.
Package epstopdf Info: Output file is already uptodate.


pdfTeX warning: pdflatex.exe (file ./HistDensClust4-eps-converted-to.pdf): PDF 
inclusion: found PDF version <1.7>, but at most version <1.5> allowed
<HistDensClust4-eps-converted-to.pdf, id=736, 376.40625pt x 376.40625pt>
File: HistDensClust4-eps-converted-to.pdf Graphic file (type pdf)
<use HistDensClust4-eps-converted-to.pdf>
Package pdftex.def Info: HistDensClust4-eps-converted-to.pdf  used on input lin
e 868.
(pdftex.def)             Requested size: 85.35826pt x 85.35973pt.
Package epstopdf Info: Source file: <HistDensClust4POLY.eps>
(epstopdf)                    date: 2020-12-26 18:04:10
(epstopdf)                    size: 512990 bytes
(epstopdf)             Output file: <HistDensClust4POLY-eps-converted-to.pdf>
(epstopdf)                    date: 2020-12-26 18:21:09
(epstopdf)                    size: 13787 bytes
(epstopdf)             Command: <epstopdf --outfile=HistDensClust4POLY-eps-conv
erted-to.pdf HistDensClust4POLY.eps>
(epstopdf)             \includegraphics on input line 869.
Package epstopdf Info: Output file is already uptodate.


pdfTeX warning: pdflatex.exe (file ./HistDensClust4POLY-eps-converted-to.pdf): 
PDF inclusion: found PDF version <1.7>, but at most version <1.5> allowed
<HistDensClust4POLY-eps-converted-to.pdf, id=737, 376.40625pt x 376.40625pt>
File: HistDensClust4POLY-eps-converted-to.pdf Graphic file (type pdf)
<use HistDensClust4POLY-eps-converted-to.pdf>
Package pdftex.def Info: HistDensClust4POLY-eps-converted-to.pdf  used on input
 line 869.
(pdftex.def)             Requested size: 85.35826pt x 85.35973pt.
Package epstopdf Info: Source file: <HistDensClust4JNT.eps>
(epstopdf)                    date: 2020-12-26 18:04:54
(epstopdf)                    size: 512976 bytes
(epstopdf)             Output file: <HistDensClust4JNT-eps-converted-to.pdf>
(epstopdf)                    date: 2020-12-26 18:21:11
(epstopdf)                    size: 13553 bytes
(epstopdf)             Command: <epstopdf --outfile=HistDensClust4JNT-eps-conve
rted-to.pdf HistDensClust4JNT.eps>
(epstopdf)             \includegraphics on input line 870.
Package epstopdf Info: Output file is already uptodate.


pdfTeX warning: pdflatex.exe (file ./HistDensClust4JNT-eps-converted-to.pdf): P
DF inclusion: found PDF version <1.7>, but at most version <1.5> allowed
<HistDensClust4JNT-eps-converted-to.pdf, id=738, 376.40625pt x 376.40625pt>
File: HistDensClust4JNT-eps-converted-to.pdf Graphic file (type pdf)
<use HistDensClust4JNT-eps-converted-to.pdf>
Package pdftex.def Info: HistDensClust4JNT-eps-converted-to.pdf  used on input 
line 870.
(pdftex.def)             Requested size: 85.35826pt x 85.35973pt.
Package epstopdf Info: Source file: <HistDensClust5.eps>
(epstopdf)                    date: 2020-12-26 18:07:40
(epstopdf)                    size: 512976 bytes
(epstopdf)             Output file: <HistDensClust5-eps-converted-to.pdf>
(epstopdf)                    date: 2020-12-26 18:21:12
(epstopdf)                    size: 14889 bytes
(epstopdf)             Command: <epstopdf --outfile=HistDensClust5-eps-converte
d-to.pdf HistDensClust5.eps>
(epstopdf)             \includegraphics on input line 872.
Package epstopdf Info: Output file is already uptodate.


pdfTeX warning: pdflatex.exe (file ./HistDensClust5-eps-converted-to.pdf): PDF 
inclusion: found PDF version <1.7>, but at most version <1.5> allowed
<HistDensClust5-eps-converted-to.pdf, id=739, 376.40625pt x 376.40625pt>
File: HistDensClust5-eps-converted-to.pdf Graphic file (type pdf)
<use HistDensClust5-eps-converted-to.pdf>
Package pdftex.def Info: HistDensClust5-eps-converted-to.pdf  used on input lin
e 872.
(pdftex.def)             Requested size: 85.35826pt x 85.35973pt.
Package epstopdf Info: Source file: <HistDensClust5B2X.eps>
(epstopdf)                    date: 2020-12-26 18:06:38
(epstopdf)                    size: 512962 bytes
(epstopdf)             Output file: <HistDensClust5B2X-eps-converted-to.pdf>
(epstopdf)                    date: 2020-12-26 18:21:14
(epstopdf)                    size: 13206 bytes
(epstopdf)             Command: <epstopdf --outfile=HistDensClust5B2X-eps-conve
rted-to.pdf HistDensClust5B2X.eps>
(epstopdf)             \includegraphics on input line 873.
Package epstopdf Info: Output file is already uptodate.


pdfTeX warning: pdflatex.exe (file ./HistDensClust5B2X-eps-converted-to.pdf): P
DF inclusion: found PDF version <1.7>, but at most version <1.5> allowed
<HistDensClust5B2X-eps-converted-to.pdf, id=740, 376.40625pt x 376.40625pt>
File: HistDensClust5B2X-eps-converted-to.pdf Graphic file (type pdf)
<use HistDensClust5B2X-eps-converted-to.pdf>
Package pdftex.def Info: HistDensClust5B2X-eps-converted-to.pdf  used on input 
line 873.
(pdftex.def)             Requested size: 85.35826pt x 85.35973pt.
Package epstopdf Info: Source file: <HistDensClust5ITT.eps>
(epstopdf)                    date: 2020-12-26 18:05:15
(epstopdf)                    size: 512962 bytes
(epstopdf)             Output file: <HistDensClust5ITT-eps-converted-to.pdf>
(epstopdf)                    date: 2020-12-26 18:21:15
(epstopdf)                    size: 14590 bytes
(epstopdf)             Command: <epstopdf --outfile=HistDensClust5ITT-eps-conve
rted-to.pdf HistDensClust5ITT.eps>
(epstopdf)             \includegraphics on input line 874.
Package epstopdf Info: Output file is already uptodate.


pdfTeX warning: pdflatex.exe (file ./HistDensClust5ITT-eps-converted-to.pdf): P
DF inclusion: found PDF version <1.7>, but at most version <1.5> allowed
<HistDensClust5ITT-eps-converted-to.pdf, id=741, 376.40625pt x 376.40625pt>
File: HistDensClust5ITT-eps-converted-to.pdf Graphic file (type pdf)
<use HistDensClust5ITT-eps-converted-to.pdf>
Package pdftex.def Info: HistDensClust5ITT-eps-converted-to.pdf  used on input 
line 874.
(pdftex.def)             Requested size: 85.35826pt x 85.35973pt.

LaTeX Warning: `!h' float specifier changed to `!ht'.

Package epstopdf Info: Source file: <TADPoleMedoidsB.eps>
(epstopdf)                    date: 2020-09-19 02:23:14
(epstopdf)                    size: 1343801 bytes
(epstopdf)             Output file: <TADPoleMedoidsB-eps-converted-to.pdf>
(epstopdf)                    date: 2020-12-26 18:42:43
(epstopdf)                    size: 157001 bytes
(epstopdf)             Command: <epstopdf --outfile=TADPoleMedoidsB-eps-convert
ed-to.pdf TADPoleMedoidsB.eps>
(epstopdf)             \includegraphics on input line 883.
Package epstopdf Info: Output file is already uptodate.


pdfTeX warning: pdflatex.exe (file ./TADPoleMedoidsB-eps-converted-to.pdf): PDF
 inclusion: found PDF version <1.7>, but at most version <1.5> allowed
<TADPoleMedoidsB-eps-converted-to.pdf, id=742, 828.09375pt x 451.6875pt>
File: TADPoleMedoidsB-eps-converted-to.pdf Graphic file (type pdf)
<use TADPoleMedoidsB-eps-converted-to.pdf>
Package pdftex.def Info: TADPoleMedoidsB-eps-converted-to.pdf  used on input li
ne 883.
(pdftex.def)             Requested size: 312.9803pt x 170.71947pt.

LaTeX Warning: `!h' float specifier changed to `!ht'.

Package epstopdf Info: Source file: <TADpoleDensities.eps>
(epstopdf)                    date: 2020-09-19 02:23:14
(epstopdf)                    size: 1100584 bytes
(epstopdf)             Output file: <TADpoleDensities-eps-converted-to.pdf>
(epstopdf)                    date: 2020-12-26 18:42:00
(epstopdf)                    size: 22822 bytes
(epstopdf)             Command: <epstopdf --outfile=TADpoleDensities-eps-conver
ted-to.pdf TADpoleDensities.eps>
(epstopdf)             \includegraphics on input line 890.
Package epstopdf Info: Output file is already uptodate.


pdfTeX warning: pdflatex.exe (file ./TADpoleDensities-eps-converted-to.pdf): PD
F inclusion: found PDF version <1.7>, but at most version <1.5> allowed
<TADpoleDensities-eps-converted-to.pdf, id=743, 677.53125pt x 451.6875pt>
File: TADpoleDensities-eps-converted-to.pdf Graphic file (type pdf)
<use TADpoleDensities-eps-converted-to.pdf>
Package pdftex.def Info: TADpoleDensities-eps-converted-to.pdf  used on input l
ine 890.
(pdftex.def)             Requested size: 199.16928pt x 132.77798pt.
Package epstopdf Info: Source file: <TADPoleQuartMed1.eps>
(epstopdf)                    date: 2020-09-19 02:23:14
(epstopdf)                    size: 1100423 bytes
(epstopdf)             Output file: <TADPoleQuartMed1-eps-converted-to.pdf>
(epstopdf)                    date: 2020-12-26 18:42:02
(epstopdf)                    size: 15307 bytes
(epstopdf)             Command: <epstopdf --outfile=TADPoleQuartMed1-eps-conver
ted-to.pdf TADPoleQuartMed1.eps>
(epstopdf)             \includegraphics on input line 891.
Package epstopdf Info: Output file is already uptodate.


pdfTeX warning: pdflatex.exe (file ./TADPoleQuartMed1-eps-converted-to.pdf): PD
F inclusion: found PDF version <1.7>, but at most version <1.5> allowed
<TADPoleQuartMed1-eps-converted-to.pdf, id=744, 677.53125pt x 451.6875pt>
File: TADPoleQuartMed1-eps-converted-to.pdf Graphic file (type pdf)
<use TADPoleQuartMed1-eps-converted-to.pdf>
Package pdftex.def Info: TADPoleQuartMed1-eps-converted-to.pdf  used on input l
ine 891.
(pdftex.def)             Requested size: 199.16928pt x 132.77798pt.
Package epstopdf Info: Source file: <TADPoleQuartMed2.eps>
(epstopdf)                    date: 2020-09-19 02:23:14
(epstopdf)                    size: 1100423 bytes
(epstopdf)             Output file: <TADPoleQuartMed2-eps-converted-to.pdf>
(epstopdf)                    date: 2020-12-26 18:42:04
(epstopdf)                    size: 17111 bytes
(epstopdf)             Command: <epstopdf --outfile=TADPoleQuartMed2-eps-conver
ted-to.pdf TADPoleQuartMed2.eps>
(epstopdf)             \includegraphics on input line 892.
Package epstopdf Info: Output file is already uptodate.


pdfTeX warning: pdflatex.exe (file ./TADPoleQuartMed2-eps-converted-to.pdf): PD
F inclusion: found PDF version <1.7>, but at most version <1.5> allowed
<TADPoleQuartMed2-eps-converted-to.pdf, id=745, 677.53125pt x 451.6875pt>
File: TADPoleQuartMed2-eps-converted-to.pdf Graphic file (type pdf)
<use TADPoleQuartMed2-eps-converted-to.pdf>
Package pdftex.def Info: TADPoleQuartMed2-eps-converted-to.pdf  used on input l
ine 892.
(pdftex.def)             Requested size: 199.16928pt x 132.77798pt.
Package epstopdf Info: Source file: <TADPoleQuartMed3.eps>
(epstopdf)                    date: 2020-09-19 02:23:14
(epstopdf)                    size: 1100423 bytes
(epstopdf)             Output file: <TADPoleQuartMed3-eps-converted-to.pdf>
(epstopdf)                    date: 2020-12-26 18:42:06
(epstopdf)                    size: 16677 bytes
(epstopdf)             Command: <epstopdf --outfile=TADPoleQuartMed3-eps-conver
ted-to.pdf TADPoleQuartMed3.eps>
(epstopdf)             \includegraphics on input line 893.
Package epstopdf Info: Output file is already uptodate.


pdfTeX warning: pdflatex.exe (file ./TADPoleQuartMed3-eps-converted-to.pdf): PD
F inclusion: found PDF version <1.7>, but at most version <1.5> allowed
<TADPoleQuartMed3-eps-converted-to.pdf, id=746, 677.53125pt x 451.6875pt>
File: TADPoleQuartMed3-eps-converted-to.pdf Graphic file (type pdf)
<use TADPoleQuartMed3-eps-converted-to.pdf>
Package pdftex.def Info: TADPoleQuartMed3-eps-converted-to.pdf  used on input l
ine 893.
(pdftex.def)             Requested size: 199.16928pt x 132.77798pt.

LaTeX Warning: Float too large for page by 29.11194pt on input line 896.


LaTeX Warning: `!h' float specifier changed to `!ht'.

Package epstopdf Info: Source file: <Aluvion3B.eps>
(epstopdf)                    date: 2020-12-28 08:36:02
(epstopdf)                    size: 1140931 bytes
(epstopdf)             Output file: <Aluvion3B-eps-converted-to.pdf>
(epstopdf)                    date: 2020-12-28 10:53:44
(epstopdf)                    size: 220859 bytes
(epstopdf)             Command: <epstopdf --outfile=Aluvion3B-eps-converted-to.
pdf Aluvion3B.eps>
(epstopdf)             \includegraphics on input line 900.
Package epstopdf Info: Output file is already uptodate.


pdfTeX warning: pdflatex.exe (file ./Aluvion3B-eps-converted-to.pdf): PDF inclu
sion: found PDF version <1.7>, but at most version <1.5> allowed
<Aluvion3B-eps-converted-to.pdf, id=747, 602.25pt x 526.96875pt>
File: Aluvion3B-eps-converted-to.pdf Graphic file (type pdf)
<use Aluvion3B-eps-converted-to.pdf>
Package pdftex.def Info: Aluvion3B-eps-converted-to.pdf  used on input line 900
.
(pdftex.def)             Requested size: 227.62204pt x 199.17271pt.

LaTeX Warning: `!h' float specifier changed to `!ht'.

Package epstopdf Info: Source file: <HeatMapFisherRevA3.eps>
(epstopdf)                    date: 2020-12-28 12:55:58
(epstopdf)                    size: 2558070 bytes
(epstopdf)             Output file: <HeatMapFisherRevA3-eps-converted-to.pdf>
(epstopdf)                    date: 2020-12-28 12:57:26
(epstopdf)                    size: 21742 bytes
(epstopdf)             Command: <epstopdf --outfile=HeatMapFisherRevA3-eps-conv
erted-to.pdf HeatMapFisherRevA3.eps>
(epstopdf)             \includegraphics on input line 907.
Package epstopdf Info: Output file is already uptodate.


pdfTeX warning: pdflatex.exe (file ./HeatMapFisherRevA3-eps-converted-to.pdf): 
PDF inclusion: found PDF version <1.7>, but at most version <1.5> allowed
<HeatMapFisherRevA3-eps-converted-to.pdf, id=748, 526.96875pt x 451.6875pt>
File: HeatMapFisherRevA3-eps-converted-to.pdf Graphic file (type pdf)
<use HeatMapFisherRevA3-eps-converted-to.pdf>
Package pdftex.def Info: HeatMapFisherRevA3-eps-converted-to.pdf  used on input
 line 907.
(pdftex.def)             Requested size: 227.62204pt x 195.10403pt.

LaTeX Warning: `!h' float specifier changed to `!ht'.

Package epstopdf Info: Source file: <ResPearAgeHistWHB.eps>
(epstopdf)                    date: 2020-12-28 08:29:38
(epstopdf)                    size: 1222188 bytes
(epstopdf)             Output file: <ResPearAgeHistWHB-eps-converted-to.pdf>
(epstopdf)                    date: 2020-12-28 17:53:18
(epstopdf)                    size: 15514 bytes
(epstopdf)             Command: <epstopdf --outfile=ResPearAgeHistWHB-eps-conve
rted-to.pdf ResPearAgeHistWHB.eps>
(epstopdf)             \includegraphics on input line 914.
Package epstopdf Info: Output file is already uptodate.


pdfTeX warning: pdflatex.exe (file ./ResPearAgeHistWHB-eps-converted-to.pdf): P
DF inclusion: found PDF version <1.7>, but at most version <1.5> allowed
<ResPearAgeHistWHB-eps-converted-to.pdf, id=749, 752.8125pt x 451.6875pt>
File: ResPearAgeHistWHB-eps-converted-to.pdf Graphic file (type pdf)
<use ResPearAgeHistWHB-eps-converted-to.pdf>
Package pdftex.def Info: ResPearAgeHistWHB-eps-converted-to.pdf  used on input 
line 914.
(pdftex.def)             Requested size: 256.0748pt x 153.64752pt.
Package epstopdf Info: Source file: <ResPearsonBetaKmeans3B.eps>
(epstopdf)                    date: 2020-12-28 08:28:45
(epstopdf)                    size: 1222153 bytes
(epstopdf)             Output file: <ResPearsonBetaKmeans3B-eps-converted-to.pd
f>
(epstopdf)                    date: 2020-12-28 17:53:20
(epstopdf)                    size: 14654 bytes
(epstopdf)             Command: <epstopdf --outfile=ResPearsonBetaKmeans3B-eps-
converted-to.pdf ResPearsonBetaKmeans3B.eps>
(epstopdf)             \includegraphics on input line 915.
Package epstopdf Info: Output file is already uptodate.


pdfTeX warning: pdflatex.exe (file ./ResPearsonBetaKmeans3B-eps-converted-to.pd
f): PDF inclusion: found PDF version <1.7>, but at most version <1.5> allowed
<ResPearsonBetaKmeans3B-eps-converted-to.pdf, id=750, 752.8125pt x 451.6875pt>
File: ResPearsonBetaKmeans3B-eps-converted-to.pdf Graphic file (type pdf)
<use ResPearsonBetaKmeans3B-eps-converted-to.pdf>
Package pdftex.def Info: ResPearsonBetaKmeans3B-eps-converted-to.pdf  used on i
nput line 915.
(pdftex.def)             Requested size: 256.0748pt x 153.64752pt.
Package epstopdf Info: Source file: <ResPearsonSharpTADPole2B.eps>
(epstopdf)                    date: 2020-12-28 08:29:13
(epstopdf)                    size: 1222125 bytes
(epstopdf)             Output file: <ResPearsonSharpTADPole2B-eps-converted-to.
pdf>
(epstopdf)                    date: 2020-12-28 17:53:23
(epstopdf)                    size: 13596 bytes
(epstopdf)             Command: <epstopdf --outfile=ResPearsonSharpTADPole2B-ep
s-converted-to.pdf ResPearsonSharpTADPole2B.eps>
(epstopdf)             \includegraphics on input line 916.
Package epstopdf Info: Output file is already uptodate.


pdfTeX warning: pdflatex.exe (file ./ResPearsonSharpTADPole2B-eps-converted-to.
pdf): PDF inclusion: found PDF version <1.7>, but at most version <1.5> allowed

<ResPearsonSharpTADPole2B-eps-converted-to.pdf, id=751, 752.8125pt x 451.6875pt
>
File: ResPearsonSharpTADPole2B-eps-converted-to.pdf Graphic file (type pdf)
<use ResPearsonSharpTADPole2B-eps-converted-to.pdf>
Package pdftex.def Info: ResPearsonSharpTADPole2B-eps-converted-to.pdf  used on
 input line 916.
(pdftex.def)             Requested size: 256.0748pt x 153.64752pt.

LaTeX Warning: `!h' float specifier changed to `!ht'.


Overfull \hbox (37.33955pt too wide) in paragraph at lines 936--970
 [][] 
 []


LaTeX Warning: `!h' float specifier changed to `!ht'.


LaTeX Warning: `!h' float specifier changed to `!ht'.


Overfull \hbox (4.72305pt too wide) in paragraph at lines 997--1008
 [][] 
 []


LaTeX Warning: `!h' float specifier changed to `!ht'.


LaTeX Warning: `!h' float specifier changed to `!ht'.


Overfull \hbox (27.9014pt too wide) in paragraph at lines 1143--1165
 [][] 
 []


LaTeX Warning: No positions in optional float specifier.
               Default added (so using `tbp') on input line 1375.


Overfull \hbox (37.34082pt too wide) in paragraph at lines 1402--1560
 [][] 
 []


Overfull \hbox (37.33667pt too wide) in paragraph at lines 1565--1723
 [][] 
 []


Overfull \hbox (37.33975pt too wide) in paragraph at lines 1728--1886
 [][] 
 []


Overfull \hbox (37.3329pt too wide) in paragraph at lines 1891--2049
 [][] 
 []


Overfull \hbox (37.34627pt too wide) in paragraph at lines 2054--2105
 [][] 
 []


AED: lastpage setting LastPage
[27] [28 <./NonTradingDaysHist-eps-converted-to.pdf>] [29 <./ClusterPlotKmeans7
-eps-converted-to.pdf> <./ClusterPlotHist4B-eps-converted-to.pdf> <./ClusterPlo
tTADpole5-eps-converted-to.pdf>] [30 <./CentroidKMClust1B-eps-converted-to.pdf>
 <./CentroidKMClust1DetalleB-eps-converted-to.pdf>] [31 <./CentroidKMClust2FB-e
ps-converted-to.pdf> <./CentroidKMClust2DetalleGB-eps-converted-to.pdf> <./Cent
roidKMClust2DetalleHB-eps-converted-to.pdf>] [32 <./CentroidKMClust3DB-eps-conv
erted-to.pdf> <./CentroidKMClust3DetalleDB-eps-converted-to.pdf>] [33 <./HistDe
nsClust1-eps-converted-to.pdf> <./HistDensClust1CHAT-eps-converted-to.pdf> <./H
istDensClust1KEY-eps-converted-to.pdf> <./HistDensClust2-eps-converted-to.pdf> 
<./HistDensClust2365-eps-converted-to.pdf> <./HistDensClust2ALT-eps-converted-t
o.pdf> <./HistDensClust3-eps-converted-to.pdf> <./HistDensClust3BTC-eps-convert
ed-to.pdf> <./HistDensClust3ETH-eps-converted-to.pdf> <./HistDensClust4-eps-con
verted-to.pdf> <./HistDensClust4POLY-eps-converted-to.pdf> <./HistDensClust4JNT
-eps-converted-to.pdf> <./HistDensClust5-eps-converted-to.pdf> <./HistDensClust
5B2X-eps-converted-to.pdf> <./HistDensClust5ITT-eps-converted-to.pdf>] [34 <./T
ADPoleMedoidsB-eps-converted-to.pdf>] [35 <./TADpoleDensities-eps-converted-to.
pdf> <./TADPoleQuartMed1-eps-converted-to.pdf> <./TADPoleQuartMed2-eps-converte
d-to.pdf> <./TADPoleQuartMed3-eps-converted-to.pdf>] [36 <./Aluvion3B-eps-conve
rted-to.pdf> <./HeatMapFisherRevA3-eps-converted-to.pdf>] [37 <./ResPearAgeHist
WHB-eps-converted-to.pdf> <./ResPearsonBetaKmeans3B-eps-converted-to.pdf> <./Re
sPearsonSharpTADPole2B-eps-converted-to.pdf>] [38] [39] [40] [41] [42] [43]
[44] [45] [46] [47]

Package natbib Warning: There were undefined citations.

\Changes@OutFile=\write5
\openout5 = `CryptoMarket2018Rev1.soc'.

\tf@loc=\write6
\openout6 = `CryptoMarket2018Rev1.loc'.

Package atveryend Info: Empty hook `BeforeClearDocument' on input line 2113.
Package atveryend Info: Empty hook `AfterLastShipout' on input line 2113.
(CryptoMarket2018Rev1.aux)
Package atveryend Info: Executing hook `AtVeryEndDocument' on input line 2113.
Package atveryend Info: Executing hook `AtEndAfterFileList' on input line 2113.

Package rerunfilecheck Info: File `CryptoMarket2018Rev1.out' has not changed.
(rerunfilecheck)             Checksum: ED3CDF9133C37D676C26CC0D4896F289;44.


LaTeX Font Warning: Size substitutions with differences
(Font)              up to 1.0pt have occurred.


LaTeX Font Warning: Some font shapes were not available, defaults substituted.

Package atveryend Info: Empty hook `AtVeryVeryEnd' on input line 2113.
 ) 
Here is how much of TeX's memory you used:
 19449 strings out of 492482
 374632 string characters out of 3121122
 1354171 words of memory out of 3000000
 23090 multiletter control sequences out of 15000+200000
 14457 words of font info for 52 fonts, out of 3000000 for 9000
 1141 hyphenation exceptions out of 8191
 76i,13n,87p,1818b,631s stack positions out of 5000i,500n,10000p,200000b,50000s
<C:/Users/LuisLo/AppData/Local/Programs/MiKTeX 2.9/fonts/type1/public/amsfont
s/cm/cmbx10.pfb><C:/Users/LuisLo/AppData/Local/Programs/MiKTeX 2.9/fonts/type1/
public/amsfonts/cm/cmex10.pfb><C:/Users/LuisLo/AppData/Local/Programs/MiKTeX 2.
9/fonts/type1/public/amsfonts/cm/cmmi10.pfb><C:/Users/LuisLo/AppData/Local/Prog
rams/MiKTeX 2.9/fonts/type1/public/amsfonts/cm/cmmi5.pfb><C:/Users/LuisLo/AppDa
ta/Local/Programs/MiKTeX 2.9/fonts/type1/public/amsfonts/cm/cmmi7.pfb><C:/Users
/LuisLo/AppData/Local/Programs/MiKTeX 2.9/fonts/type1/public/amsfonts/cm/cmmi8.
pfb><C:/Users/LuisLo/AppData/Local/Programs/MiKTeX 2.9/fonts/type1/public/amsfo
nts/cm/cmr10.pfb><C:/Users/LuisLo/AppData/Local/Programs/MiKTeX 2.9/fonts/type1
/public/amsfonts/cm/cmr5.pfb><C:/Users/LuisLo/AppData/Local/Programs/MiKTeX 2.9
/fonts/type1/public/amsfonts/cm/cmr6.pfb><C:/Users/LuisLo/AppData/Local/Program
s/MiKTeX 2.9/fonts/type1/public/amsfonts/cm/cmr7.pfb><C:/Users/LuisLo/AppData/L
ocal/Programs/MiKTeX 2.9/fonts/type1/public/amsfonts/cm/cmr8.pfb><C:/Users/Luis
Lo/AppData/Local/Programs/MiKTeX 2.9/fonts/type1/public/amsfonts/cm/cmss10.pfb>
<C:/Users/LuisLo/AppData/Local/Programs/MiKTeX 2.9/fonts/type1/public/amsfonts/
cm/cmss17.pfb><C:/Users/LuisLo/AppData/Local/Programs/MiKTeX 2.9/fonts/type1/pu
blic/amsfonts/cm/cmss8.pfb><C:/Users/LuisLo/AppData/Local/Programs/MiKTeX 2.9/f
onts/type1/public/amsfonts/cm/cmssbx10.pfb><C:/Users/LuisLo/AppData/Local/Progr
ams/MiKTeX 2.9/fonts/type1/public/amsfonts/cm/cmssi8.pfb><C:/Users/LuisLo/AppDa
ta/Local/Programs/MiKTeX 2.9/fonts/type1/public/amsfonts/cm/cmsy10.pfb><C:/User
s/LuisLo/AppData/Local/Programs/MiKTeX 2.9/fonts/type1/public/amsfonts/cm/cmsy5
.pfb><C:/Users/LuisLo/AppData/Local/Programs/MiKTeX 2.9/fonts/type1/public/amsf
onts/cm/cmsy7.pfb><C:/Users/LuisLo/AppData/Local/Programs/MiKTeX 2.9/fonts/type
1/public/amsfonts/cm/cmsy8.pfb><C:/Users/LuisLo/AppData/Local/Programs/MiKTeX 2
.9/fonts/type1/public/amsfonts/cm/cmti10.pfb><C:/Users/LuisLo/AppData/Local/Pro
grams/MiKTeX 2.9/fonts/type1/public/amsfonts/cm/cmtt10.pfb><C:/Users/LuisLo/App
Data/Local/Programs/MiKTeX 2.9/fonts/type1/public/amsfonts/cm/cmtt8.pfb>
Output written on CryptoMarket2018Rev1.pdf (47 pages, 1930947 bytes).
PDF statistics:
 1109 PDF objects out of 1200 (max. 8388607)
 248 named destinations out of 1000 (max. 500000)
 297 words of extra memory for PDF output out of 10000 (max. 10000000)

